#
# There is insufficient memory for the Java Runtime Environment to continue.
# Native memory allocation (mmap) failed to map 134217728 bytes for Failed to commit area from 0x00000000c8000000 to 0x00000000d0000000 of length 134217728.
# Possible reasons:
#   The system is out of physical RAM or swap space
#   The process is running with CompressedOops enabled, and the Java Heap may be blocking the growth of the native heap
# Possible solutions:
#   Reduce memory load on the system
#   Increase physical memory or swap space
#   Check if swap backing store is full
#   Decrease Java heap size (-Xmx/-Xms)
#   Decrease number of Java threads
#   Decrease Java thread stack sizes (-Xss)
#   Set larger code cache with -XX:ReservedCodeCacheSize=
#   JVM is running with Unscaled Compressed Oops mode in which the Java heap is
#     placed in the first 4GB address space. The Java Heap base address is the
#     maximum limit for the native heap growth. Please use -XX:HeapBaseMinAddress
#     to set the Java Heap base and to place the Java Heap above 4GB virtual address.
# This output file may be truncated or incomplete.
#
#  Out of Memory Error (os_windows.cpp:3377), pid=453356, tid=0x000000000006e918
#
# JRE version: Java(TM) SE Runtime Environment (8.0_231-b11) (build 1.8.0_231-b11)
# Java VM: Java HotSpot(TM) 64-Bit Server VM (25.231-b11 mixed mode windows-amd64 compressed oops)
# Failed to write core dump. Minidumps are not enabled by default on client versions of Windows
#

---------------  T H R E A D  ---------------

Current thread (0x00000000185a3800):  VMThread [stack: 0x0000000018340000,0x0000000018440000] [id=452888]

Stack: [0x0000000018340000,0x0000000018440000]
[error occurred during error reporting (printing stack bounds), id 0xc0000005]

Native frames: (J=compiled Java code, j=interpreted, Vv=VM code, C=native code)

VM_Operation (0x000000001beae000): G1IncCollectionPause, mode: safepoint, requested by thread 0x000000001cd6c000


---------------  P R O C E S S  ---------------

Java Threads: ( => current thread )
  0x000000001cd6c000 JavaThread "ForkJoinPool.commonPool-worker-0" daemon [_thread_blocked, id=455620, stack(0x000000001bdb0000,0x000000001beb0000)]
  0x000000001cd72000 JavaThread "Worker-11" [_thread_blocked, id=455504, stack(0x0000000021260000,0x0000000021360000)]
  0x000000001cd70800 JavaThread "ForkJoinPool.commonPool-worker-3" daemon [_thread_blocked, id=455156, stack(0x000000001c0b0000,0x000000001c1b0000)]
  0x000000001cd6e000 JavaThread "ForkJoinPool.commonPool-worker-1" daemon [_thread_blocked, id=455148, stack(0x000000001bcb0000,0x000000001bdb0000)]
  0x000000001cd6a800 JavaThread "Worker-10" [_thread_blocked, id=454692, stack(0x0000000020620000,0x0000000020720000)]
  0x000000001cd71000 JavaThread "Worker-9" [_thread_blocked, id=454688, stack(0x0000000020420000,0x0000000020520000)]
  0x0000000018640800 JavaThread "Worker-7" [_thread_blocked, id=454520, stack(0x0000000020f60000,0x0000000021060000)]
  0x000000001863d000 JavaThread "Worker-5: Java indexing... " [_thread_blocked, id=445360, stack(0x0000000020520000,0x0000000020620000)]
  0x000000001a1ad800 JavaThread "pool-1-thread-1" [_thread_in_native, id=441932, stack(0x000000001ec50000,0x000000001ed50000)]
  0x000000001af5f800 JavaThread "Java indexing" daemon [_thread_in_native_trans, id=433728, stack(0x000000001c3b0000,0x000000001c4b0000)]
  0x000000001ad39800 JavaThread "Worker-JM" [_thread_blocked, id=444988, stack(0x000000001b9b0000,0x000000001bab0000)]
  0x000000001ad56800 JavaThread "Bundle File Closer" daemon [_thread_blocked, id=445000, stack(0x000000001b370000,0x000000001b470000)]
  0x00000000198bd800 JavaThread "Start Level: Equinox Container: 07d652ea-0e96-49c9-b6d3-d0cbbe0e2030" daemon [_thread_blocked, id=452744, stack(0x000000001b270000,0x000000001b370000)]
  0x000000001a0e8800 JavaThread "Framework Event Dispatcher: Equinox Container: 07d652ea-0e96-49c9-b6d3-d0cbbe0e2030" daemon [_thread_blocked, id=453472, stack(0x000000001b170000,0x000000001b270000)]
  0x0000000019855800 JavaThread "Active Thread: Equinox Container: 07d652ea-0e96-49c9-b6d3-d0cbbe0e2030" [_thread_blocked, id=452788, stack(0x000000001b070000,0x000000001b170000)]
  0x0000000018696000 JavaThread "Service Thread" daemon [_thread_blocked, id=453212, stack(0x0000000019220000,0x0000000019320000)]
  0x000000001863b800 JavaThread "C1 CompilerThread2" daemon [_thread_blocked, id=453324, stack(0x0000000019120000,0x0000000019220000)]
  0x0000000018636800 JavaThread "C2 CompilerThread1" daemon [_thread_in_native, id=453516, stack(0x0000000019020000,0x0000000019120000)]
  0x0000000018632800 JavaThread "C2 CompilerThread0" daemon [_thread_in_native, id=441468, stack(0x0000000018f20000,0x0000000019020000)]
  0x0000000018631800 JavaThread "Attach Listener" daemon [_thread_blocked, id=452272, stack(0x0000000018e20000,0x0000000018f20000)]
  0x000000001862c000 JavaThread "Signal Dispatcher" daemon [_thread_blocked, id=453540, stack(0x0000000018d20000,0x0000000018e20000)]
  0x000000001862a800 JavaThread "Surrogate Locker Thread (Concurrent GC)" daemon [_thread_blocked, id=453248, stack(0x0000000018c20000,0x0000000018d20000)]
  0x00000000185b2000 JavaThread "Finalizer" daemon [_thread_blocked, id=438616, stack(0x0000000018a20000,0x0000000018b20000)]
  0x00000000185aa800 JavaThread "Reference Handler" daemon [_thread_blocked, id=453152, stack(0x0000000018920000,0x0000000018a20000)]
  0x00000000027f2800 JavaThread "main" [_thread_blocked, id=453416, stack(0x00000000026f0000,0x00000000027f0000)]

Other Threads:
=>0x00000000185a3800 VMThread [stack: 0x0000000018340000,0x0000000018440000] [id=452888]
  0x0000000018698800 WatcherThread [stack: 0x0000000019320000,0x0000000019420000] [id=453068]

VM state:at safepoint (normal execution)

VM Mutex/Monitor currently owned by a thread:  ([mutex/lock_event])
[0x00000000027f1a50] Threads_lock - owner thread: 0x00000000185a3800
[0x00000000027f0250] Heap_lock - owner thread: 0x000000001cd6c000

heap address: 0x00000000c0000000, size: 1024 MB, Compressed Oops mode: 32-bit
Narrow klass base: 0x0000000000000000, Narrow klass shift: 3
Compressed class space size: 1073741824 Address: 0x0000000100000000

Heap:
 garbage-first heap   total 262144K, used 57001K [0x00000000c0000000, 0x00000000c0100800, 0x0000000100000000)
  region size 1024K, 7 young (7168K), 7 survivors (7168K)
 Metaspace       used 54974K, capacity 58122K, committed 58496K, reserved 1101824K
  class space    used 5461K, capacity 6402K, committed 6528K, reserved 1048576K

Heap Regions: (Y=young(eden), SU=young(survivor), HS=humongous(starts), HC=humongous(continues), CS=collection set, F=free, TS=gc time stamp, PTAMS=previous top-at-mark-start, NTAMS=next top-at-mark-start)
AC   0  O    TS     0 PTAMS 0x00000000c0100000 NTAMS 0x00000000c0100000 space 1024K, 100% used [0x00000000c0000000, 0x00000000c0100000)
AC   0  O    TS     0 PTAMS 0x00000000c0200000 NTAMS 0x00000000c0200000 space 1024K, 100% used [0x00000000c0100000, 0x00000000c0200000)
AC   0  O    TS     0 PTAMS 0x00000000c0300000 NTAMS 0x00000000c0300000 space 1024K, 100% used [0x00000000c0200000, 0x00000000c0300000)
AC   0  O    TS     0 PTAMS 0x00000000c0400000 NTAMS 0x00000000c0400000 space 1024K, 100% used [0x00000000c0300000, 0x00000000c0400000)
AC   0  O    TS     0 PTAMS 0x00000000c0500000 NTAMS 0x00000000c0500000 space 1024K, 100% used [0x00000000c0400000, 0x00000000c0500000)
AC   0  O    TS     0 PTAMS 0x00000000c0600000 NTAMS 0x00000000c0600000 space 1024K, 100% used [0x00000000c0500000, 0x00000000c0600000)
AC   0  O    TS     0 PTAMS 0x00000000c0700000 NTAMS 0x00000000c0700000 space 1024K, 100% used [0x00000000c0600000, 0x00000000c0700000)
AC   0  O    TS     0 PTAMS 0x00000000c0800000 NTAMS 0x00000000c0800000 space 1024K, 100% used [0x00000000c0700000, 0x00000000c0800000)
AC   0  O    TS     0 PTAMS 0x00000000c0900000 NTAMS 0x00000000c0900000 space 1024K, 100% used [0x00000000c0800000, 0x00000000c0900000)
AC   0  O    TS     0 PTAMS 0x00000000c0a00000 NTAMS 0x00000000c0a00000 space 1024K, 100% used [0x00000000c0900000, 0x00000000c0a00000)
AC   0  O    TS     0 PTAMS 0x00000000c0b00000 NTAMS 0x00000000c0b00000 space 1024K, 100% used [0x00000000c0a00000, 0x00000000c0b00000)
AC   0  O    TS     0 PTAMS 0x00000000c0c00000 NTAMS 0x00000000c0c00000 space 1024K, 100% used [0x00000000c0b00000, 0x00000000c0c00000)
AC   0  O    TS     0 PTAMS 0x00000000c0d00000 NTAMS 0x00000000c0d00000 space 1024K, 100% used [0x00000000c0c00000, 0x00000000c0d00000)
AC   0  O    TS     0 PTAMS 0x00000000c0e00000 NTAMS 0x00000000c0e00000 space 1024K, 100% used [0x00000000c0d00000, 0x00000000c0e00000)
AC   0  O    TS     0 PTAMS 0x00000000c0f00000 NTAMS 0x00000000c0f00000 space 1024K, 100% used [0x00000000c0e00000, 0x00000000c0f00000)
AC   0  O    TS     0 PTAMS 0x00000000c1000000 NTAMS 0x00000000c1000000 space 1024K, 100% used [0x00000000c0f00000, 0x00000000c1000000)
AC   0  O    TS     0 PTAMS 0x00000000c1100000 NTAMS 0x00000000c1100000 space 1024K, 100% used [0x00000000c1000000, 0x00000000c1100000)
AC   0  O    TS     0 PTAMS 0x00000000c1200000 NTAMS 0x00000000c1200000 space 1024K, 100% used [0x00000000c1100000, 0x00000000c1200000)
AC   0  O    TS     0 PTAMS 0x00000000c1300000 NTAMS 0x00000000c1300000 space 1024K, 100% used [0x00000000c1200000, 0x00000000c1300000)
AC   0  O    TS     0 PTAMS 0x00000000c1400000 NTAMS 0x00000000c1400000 space 1024K, 100% used [0x00000000c1300000, 0x00000000c1400000)
AC   0  O    TS     0 PTAMS 0x00000000c1500000 NTAMS 0x00000000c1500000 space 1024K, 100% used [0x00000000c1400000, 0x00000000c1500000)
AC   0  O    TS     0 PTAMS 0x00000000c1600000 NTAMS 0x00000000c1600000 space 1024K, 100% used [0x00000000c1500000, 0x00000000c1600000)
AC   0  O    TS     0 PTAMS 0x00000000c1700000 NTAMS 0x00000000c1700000 space 1024K, 100% used [0x00000000c1600000, 0x00000000c1700000)
AC   0  O    TS     0 PTAMS 0x00000000c1800000 NTAMS 0x00000000c1800000 space 1024K, 100% used [0x00000000c1700000, 0x00000000c1800000)
AC   0  O    TS     0 PTAMS 0x00000000c1900000 NTAMS 0x00000000c1900000 space 1024K, 100% used [0x00000000c1800000, 0x00000000c1900000)
AC   0  O    TS     0 PTAMS 0x00000000c1a00000 NTAMS 0x00000000c1a00000 space 1024K, 100% used [0x00000000c1900000, 0x00000000c1a00000)
AC   0  O    TS     0 PTAMS 0x00000000c1b00000 NTAMS 0x00000000c1b00000 space 1024K, 100% used [0x00000000c1a00000, 0x00000000c1b00000)
AC   0  O    TS     0 PTAMS 0x00000000c1c00000 NTAMS 0x00000000c1c00000 space 1024K, 100% used [0x00000000c1b00000, 0x00000000c1c00000)
AC   0  O    TS     0 PTAMS 0x00000000c1d00000 NTAMS 0x00000000c1d00000 space 1024K, 100% used [0x00000000c1c00000, 0x00000000c1d00000)
AC   0  O    TS     0 PTAMS 0x00000000c1e00000 NTAMS 0x00000000c1e00000 space 1024K, 100% used [0x00000000c1d00000, 0x00000000c1e00000)
AC   0  O    TS     0 PTAMS 0x00000000c1f00000 NTAMS 0x00000000c1f00000 space 1024K, 100% used [0x00000000c1e00000, 0x00000000c1f00000)
AC   0  O    TS     0 PTAMS 0x00000000c2000000 NTAMS 0x00000000c2000000 space 1024K, 100% used [0x00000000c1f00000, 0x00000000c2000000)
AC   0  O    TS     0 PTAMS 0x00000000c2100000 NTAMS 0x00000000c2100000 space 1024K, 100% used [0x00000000c2000000, 0x00000000c2100000)
AC   0  O    TS     0 PTAMS 0x00000000c2200000 NTAMS 0x00000000c2200000 space 1024K, 100% used [0x00000000c2100000, 0x00000000c2200000)
AC   0  O    TS     0 PTAMS 0x00000000c2300000 NTAMS 0x00000000c2300000 space 1024K, 100% used [0x00000000c2200000, 0x00000000c2300000)
AC   0  O    TS     0 PTAMS 0x00000000c2400000 NTAMS 0x00000000c2400000 space 1024K, 100% used [0x00000000c2300000, 0x00000000c2400000)
AC   0  O    TS     1 PTAMS 0x00000000c2463800 NTAMS 0x00000000c2463800 space 1024K, 100% used [0x00000000c2400000, 0x00000000c2500000)
AC   0 HS    TS     0 PTAMS 0x00000000c2580010 NTAMS 0x00000000c2580010 space 1024K,  50% used [0x00000000c2500000, 0x00000000c2600000)
AC   0  O    TS     1 PTAMS 0x00000000c2600000 NTAMS 0x00000000c2600000 space 1024K,  16% used [0x00000000c2600000, 0x00000000c2700000)
AC   0  O    TS     0 PTAMS 0x00000000c2800000 NTAMS 0x00000000c2800000 space 1024K, 100% used [0x00000000c2700000, 0x00000000c2800000)
AC   0  O    TS     0 PTAMS 0x00000000c2900000 NTAMS 0x00000000c2900000 space 1024K, 100% used [0x00000000c2800000, 0x00000000c2900000)
AC   0  O    TS     0 PTAMS 0x00000000c2a00000 NTAMS 0x00000000c2a00000 space 1024K, 100% used [0x00000000c2900000, 0x00000000c2a00000)
AC   0  O    TS     0 PTAMS 0x00000000c2b00000 NTAMS 0x00000000c2b00000 space 1024K, 100% used [0x00000000c2a00000, 0x00000000c2b00000)
AC   0  O    TS     0 PTAMS 0x00000000c2c00000 NTAMS 0x00000000c2c00000 space 1024K, 100% used [0x00000000c2b00000, 0x00000000c2c00000)
AC   0  O    TS     0 PTAMS 0x00000000c2d00000 NTAMS 0x00000000c2d00000 space 1024K, 100% used [0x00000000c2c00000, 0x00000000c2d00000)
AC   0  O    TS     0 PTAMS 0x00000000c2e00000 NTAMS 0x00000000c2e00000 space 1024K, 100% used [0x00000000c2d00000, 0x00000000c2e00000)
AC   0  O    TS     0 PTAMS 0x00000000c2f00000 NTAMS 0x00000000c2f00000 space 1024K, 100% used [0x00000000c2e00000, 0x00000000c2f00000)
AC   0  O    TS     0 PTAMS 0x00000000c3000000 NTAMS 0x00000000c3000000 space 1024K, 100% used [0x00000000c2f00000, 0x00000000c3000000)
AC   0  F    TS     0 PTAMS 0x00000000c3000000 NTAMS 0x00000000c3000000 space 1024K,   0% used [0x00000000c3000000, 0x00000000c3100000)
AC   0  O    TS     0 PTAMS 0x00000000c3200000 NTAMS 0x00000000c3200000 space 1024K, 100% used [0x00000000c3100000, 0x00000000c3200000)
AC   0  F    TS     0 PTAMS 0x00000000c3200000 NTAMS 0x00000000c3200000 space 1024K,   0% used [0x00000000c3200000, 0x00000000c3300000)
AC   0  F    TS     0 PTAMS 0x00000000c3300000 NTAMS 0x00000000c3300000 space 1024K,   0% used [0x00000000c3300000, 0x00000000c3400000)
AC   0  O    TS     0 PTAMS 0x00000000c3500000 NTAMS 0x00000000c3500000 space 1024K, 100% used [0x00000000c3400000, 0x00000000c3500000)
AC   0  F    TS     0 PTAMS 0x00000000c3500000 NTAMS 0x00000000c3500000 space 1024K,   0% used [0x00000000c3500000, 0x00000000c3600000)
AC   0  F    TS     0 PTAMS 0x00000000c3600000 NTAMS 0x00000000c3600000 space 1024K,   0% used [0x00000000c3600000, 0x00000000c3700000)
AC   0  F    TS     0 PTAMS 0x00000000c3700000 NTAMS 0x00000000c3700000 space 1024K,   0% used [0x00000000c3700000, 0x00000000c3800000)
AC   0  F    TS     0 PTAMS 0x00000000c3800000 NTAMS 0x00000000c3800000 space 1024K,   0% used [0x00000000c3800000, 0x00000000c3900000)
AC   0  F    TS     0 PTAMS 0x00000000c3900000 NTAMS 0x00000000c3900000 space 1024K,   0% used [0x00000000c3900000, 0x00000000c3a00000)
AC   0  F    TS     0 PTAMS 0x00000000c3a00000 NTAMS 0x00000000c3a00000 space 1024K,   0% used [0x00000000c3a00000, 0x00000000c3b00000)
AC   0  F    TS     0 PTAMS 0x00000000c3b00000 NTAMS 0x00000000c3b00000 space 1024K,   0% used [0x00000000c3b00000, 0x00000000c3c00000)
AC   0  F    TS     0 PTAMS 0x00000000c3c00000 NTAMS 0x00000000c3c00000 space 1024K,   0% used [0x00000000c3c00000, 0x00000000c3d00000)
AC   0  F    TS     0 PTAMS 0x00000000c3d00000 NTAMS 0x00000000c3d00000 space 1024K,   0% used [0x00000000c3d00000, 0x00000000c3e00000)
AC   0  F    TS     0 PTAMS 0x00000000c3e00000 NTAMS 0x00000000c3e00000 space 1024K,   0% used [0x00000000c3e00000, 0x00000000c3f00000)
AC   0  F    TS     0 PTAMS 0x00000000c3f00000 NTAMS 0x00000000c3f00000 space 1024K,   0% used [0x00000000c3f00000, 0x00000000c4000000)
AC   0  F    TS     0 PTAMS 0x00000000c4000000 NTAMS 0x00000000c4000000 space 1024K,   0% used [0x00000000c4000000, 0x00000000c4100000)
AC   0  F    TS     0 PTAMS 0x00000000c4100000 NTAMS 0x00000000c4100000 space 1024K,   0% used [0x00000000c4100000, 0x00000000c4200000)
AC   0  S CS TS     1 PTAMS 0x00000000c4200000 NTAMS 0x00000000c4200000 space 1024K, 100% used [0x00000000c4200000, 0x00000000c4300000)
AC   0  S CS TS     1 PTAMS 0x00000000c4300000 NTAMS 0x00000000c4300000 space 1024K, 100% used [0x00000000c4300000, 0x00000000c4400000)
AC   0  S CS TS     1 PTAMS 0x00000000c4400000 NTAMS 0x00000000c4400000 space 1024K, 100% used [0x00000000c4400000, 0x00000000c4500000)
AC   0  S CS TS     1 PTAMS 0x00000000c4500000 NTAMS 0x00000000c4500000 space 1024K, 100% used [0x00000000c4500000, 0x00000000c4600000)
AC   0  S CS TS     1 PTAMS 0x00000000c4600000 NTAMS 0x00000000c4600000 space 1024K, 100% used [0x00000000c4600000, 0x00000000c4700000)
AC   0  S CS TS     1 PTAMS 0x00000000c4700000 NTAMS 0x00000000c4700000 space 1024K, 100% used [0x00000000c4700000, 0x00000000c4800000)
AC   0  S CS TS     1 PTAMS 0x00000000c4800000 NTAMS 0x00000000c4800000 space 1024K, 100% used [0x00000000c4800000, 0x00000000c4900000)
AC   0  F    TS     0 PTAMS 0x00000000c4900000 NTAMS 0x00000000c4900000 space 1024K,   0% used [0x00000000c4900000, 0x00000000c4a00000)
AC   0  F    TS     0 PTAMS 0x00000000c4a00000 NTAMS 0x00000000c4a00000 space 1024K,   0% used [0x00000000c4a00000, 0x00000000c4b00000)
AC   0  F    TS     0 PTAMS 0x00000000c4b00000 NTAMS 0x00000000c4b00000 space 1024K,   0% used [0x00000000c4b00000, 0x00000000c4c00000)
AC   0  F    TS     0 PTAMS 0x00000000c4c00000 NTAMS 0x00000000c4c00000 space 1024K,   0% used [0x00000000c4c00000, 0x00000000c4d00000)
AC   0  F    TS     0 PTAMS 0x00000000c4d00000 NTAMS 0x00000000c4d00000 space 1024K,   0% used [0x00000000c4d00000, 0x00000000c4e00000)
AC   0  F    TS     0 PTAMS 0x00000000c4e00000 NTAMS 0x00000000c4e00000 space 1024K,   0% used [0x00000000c4e00000, 0x00000000c4f00000)
AC   0  F    TS     0 PTAMS 0x00000000c4f00000 NTAMS 0x00000000c4f00000 space 1024K,   0% used [0x00000000c4f00000, 0x00000000c5000000)
AC   0  F    TS     0 PTAMS 0x00000000c5000000 NTAMS 0x00000000c5000000 space 1024K,   0% used [0x00000000c5000000, 0x00000000c5100000)
AC   0  F    TS     0 PTAMS 0x00000000c5100000 NTAMS 0x00000000c5100000 space 1024K,   0% used [0x00000000c5100000, 0x00000000c5200000)
AC   0  F    TS     0 PTAMS 0x00000000c5200000 NTAMS 0x00000000c5200000 space 1024K,   0% used [0x00000000c5200000, 0x00000000c5300000)
AC   0  F    TS     0 PTAMS 0x00000000c5300000 NTAMS 0x00000000c5300000 space 1024K,   0% used [0x00000000c5300000, 0x00000000c5400000)
AC   0  F    TS     0 PTAMS 0x00000000c5400000 NTAMS 0x00000000c5400000 space 1024K,   0% used [0x00000000c5400000, 0x00000000c5500000)
AC   0  F    TS     0 PTAMS 0x00000000c5500000 NTAMS 0x00000000c5500000 space 1024K,   0% used [0x00000000c5500000, 0x00000000c5600000)
AC   0  F    TS     0 PTAMS 0x00000000c5600000 NTAMS 0x00000000c5600000 space 1024K,   0% used [0x00000000c5600000, 0x00000000c5700000)
AC   0  F    TS     0 PTAMS 0x00000000c5700000 NTAMS 0x00000000c5700000 space 1024K,   0% used [0x00000000c5700000, 0x00000000c5800000)
AC   0  F    TS     0 PTAMS 0x00000000c5800000 NTAMS 0x00000000c5800000 space 1024K,   0% used [0x00000000c5800000, 0x00000000c5900000)
AC   0  F    TS     0 PTAMS 0x00000000c5900000 NTAMS 0x00000000c5900000 space 1024K,   0% used [0x00000000c5900000, 0x00000000c5a00000)
AC   0  F    TS     0 PTAMS 0x00000000c5a00000 NTAMS 0x00000000c5a00000 space 1024K,   0% used [0x00000000c5a00000, 0x00000000c5b00000)
AC   0  F    TS     0 PTAMS 0x00000000c5b00000 NTAMS 0x00000000c5b00000 space 1024K,   0% used [0x00000000c5b00000, 0x00000000c5c00000)
AC   0  F    TS     0 PTAMS 0x00000000c5c00000 NTAMS 0x00000000c5c00000 space 1024K,   0% used [0x00000000c5c00000, 0x00000000c5d00000)
AC   0  F    TS     0 PTAMS 0x00000000c5d00000 NTAMS 0x00000000c5d00000 space 1024K,   0% used [0x00000000c5d00000, 0x00000000c5e00000)
AC   0  F    TS     0 PTAMS 0x00000000c5e00000 NTAMS 0x00000000c5e00000 space 1024K,   0% used [0x00000000c5e00000, 0x00000000c5f00000)
AC   0  F    TS     0 PTAMS 0x00000000c5f00000 NTAMS 0x00000000c5f00000 space 1024K,   0% used [0x00000000c5f00000, 0x00000000c6000000)
AC   0  F    TS     0 PTAMS 0x00000000c6000000 NTAMS 0x00000000c6000000 space 1024K,   0% used [0x00000000c6000000, 0x00000000c6100000)
AC   0  F    TS     0 PTAMS 0x00000000c6100000 NTAMS 0x00000000c6100000 space 1024K,   0% used [0x00000000c6100000, 0x00000000c6200000)
AC   0  F    TS     0 PTAMS 0x00000000c6200000 NTAMS 0x00000000c6200000 space 1024K,   0% used [0x00000000c6200000, 0x00000000c6300000)
AC   0  F    TS     0 PTAMS 0x00000000c6300000 NTAMS 0x00000000c6300000 space 1024K,   0% used [0x00000000c6300000, 0x00000000c6400000)
AC   0  F    TS     0 PTAMS 0x00000000c6400000 NTAMS 0x00000000c6400000 space 1024K,   0% used [0x00000000c6400000, 0x00000000c6500000)
AC   0  F    TS     0 PTAMS 0x00000000c6500000 NTAMS 0x00000000c6500000 space 1024K,   0% used [0x00000000c6500000, 0x00000000c6600000)
AC   0  F    TS     0 PTAMS 0x00000000c6600000 NTAMS 0x00000000c6600000 space 1024K,   0% used [0x00000000c6600000, 0x00000000c6700000)
AC   0  F    TS     0 PTAMS 0x00000000c6700000 NTAMS 0x00000000c6700000 space 1024K,   0% used [0x00000000c6700000, 0x00000000c6800000)
AC   0  F    TS     0 PTAMS 0x00000000c6800000 NTAMS 0x00000000c6800000 space 1024K,   0% used [0x00000000c6800000, 0x00000000c6900000)
AC   0  F    TS     0 PTAMS 0x00000000c6900000 NTAMS 0x00000000c6900000 space 1024K,   0% used [0x00000000c6900000, 0x00000000c6a00000)
AC   0  F    TS     0 PTAMS 0x00000000c6a00000 NTAMS 0x00000000c6a00000 space 1024K,   0% used [0x00000000c6a00000, 0x00000000c6b00000)
AC   0  F    TS     0 PTAMS 0x00000000c6b00000 NTAMS 0x00000000c6b00000 space 1024K,   0% used [0x00000000c6b00000, 0x00000000c6c00000)
AC   0  F    TS     0 PTAMS 0x00000000c6c00000 NTAMS 0x00000000c6c00000 space 1024K,   0% used [0x00000000c6c00000, 0x00000000c6d00000)
AC   0  F    TS     0 PTAMS 0x00000000c6d00000 NTAMS 0x00000000c6d00000 space 1024K,   0% used [0x00000000c6d00000, 0x00000000c6e00000)
AC   0  F    TS     0 PTAMS 0x00000000c6e00000 NTAMS 0x00000000c6e00000 space 1024K,   0% used [0x00000000c6e00000, 0x00000000c6f00000)
AC   0  F    TS     0 PTAMS 0x00000000c6f00000 NTAMS 0x00000000c6f00000 space 1024K,   0% used [0x00000000c6f00000, 0x00000000c7000000)
AC   0  F    TS     0 PTAMS 0x00000000c7000000 NTAMS 0x00000000c7000000 space 1024K,   0% used [0x00000000c7000000, 0x00000000c7100000)
AC   0  F    TS     0 PTAMS 0x00000000c7100000 NTAMS 0x00000000c7100000 space 1024K,   0% used [0x00000000c7100000, 0x00000000c7200000)
AC   0  F    TS     0 PTAMS 0x00000000c7200000 NTAMS 0x00000000c7200000 space 1024K,   0% used [0x00000000c7200000, 0x00000000c7300000)
AC   0  F    TS     0 PTAMS 0x00000000c7300000 NTAMS 0x00000000c7300000 space 1024K,   0% used [0x00000000c7300000, 0x00000000c7400000)
AC   0  F    TS     0 PTAMS 0x00000000c7400000 NTAMS 0x00000000c7400000 space 1024K,   0% used [0x00000000c7400000, 0x00000000c7500000)
AC   0  F    TS     0 PTAMS 0x00000000c7500000 NTAMS 0x00000000c7500000 space 1024K,   0% used [0x00000000c7500000, 0x00000000c7600000)
AC   0  F    TS     0 PTAMS 0x00000000c7600000 NTAMS 0x00000000c7600000 space 1024K,   0% used [0x00000000c7600000, 0x00000000c7700000)
AC   0  F    TS     0 PTAMS 0x00000000c7700000 NTAMS 0x00000000c7700000 space 1024K,   0% used [0x00000000c7700000, 0x00000000c7800000)
AC   0  F    TS     0 PTAMS 0x00000000c7800000 NTAMS 0x00000000c7800000 space 1024K,   0% used [0x00000000c7800000, 0x00000000c7900000)
AC   0  F    TS     0 PTAMS 0x00000000c7900000 NTAMS 0x00000000c7900000 space 1024K,   0% used [0x00000000c7900000, 0x00000000c7a00000)
AC   0  F    TS     0 PTAMS 0x00000000c7a00000 NTAMS 0x00000000c7a00000 space 1024K,   0% used [0x00000000c7a00000, 0x00000000c7b00000)
AC   0  F    TS     0 PTAMS 0x00000000c7b00000 NTAMS 0x00000000c7b00000 space 1024K,   0% used [0x00000000c7b00000, 0x00000000c7c00000)
AC   0  F    TS     0 PTAMS 0x00000000c7c00000 NTAMS 0x00000000c7c00000 space 1024K,   0% used [0x00000000c7c00000, 0x00000000c7d00000)
AC   0  F    TS     0 PTAMS 0x00000000c7d00000 NTAMS 0x00000000c7d00000 space 1024K,   0% used [0x00000000c7d00000, 0x00000000c7e00000)
AC   0  F    TS     0 PTAMS 0x00000000c7e00000 NTAMS 0x00000000c7e00000 space 1024K,   0% used [0x00000000c7e00000, 0x00000000c7f00000)
AC   0  F    TS     0 PTAMS 0x00000000c7f00000 NTAMS 0x00000000c7f00000 space 1024K,   0% used [0x00000000c7f00000, 0x00000000c8000000)

Card table byte_map: [0x0000000012df0000,0x0000000012ff0000] byte_map_base: 0x00000000127f0000

Marking Bits (Prev, Next): (CMBitMap*) 0x000000000282c828, (CMBitMap*) 0x000000000282c880
 Prev Bits: [0x00000000131f0000, 0x00000000141f0000)
 Next Bits: [0x00000000141f0000, 0x00000000151f0000)

Polling page: 0x0000000000c80000

CodeCache: size=245760Kb used=32603Kb max_used=32768Kb free=213156Kb
 bounds [0x00000000028f0000, 0x0000000004930000, 0x00000000118f0000]
 total_blobs=8938 nmethods=8343 adapters=505
 compilation: enabled

Compilation events (10 events):
Event: 394.860 Thread 0x000000001863b800 9959       1       org.eclipse.jdt.internal.core.dom.rewrite.imports.ImportRewriteConfiguration$OriginalImportHandling$1::shouldFixAllLineDelimiters (2 bytes)
Event: 394.860 Thread 0x000000001863b800 nmethod 9959 0x000000000364abd0 code [0x000000000364ad20, 0x000000000364ae30]
Event: 394.860 Thread 0x000000001863b800 9960       1       org.eclipse.jdt.internal.core.dom.rewrite.imports.ImportRewriteAnalyzer$RewriteResult::getTextEdit (5 bytes)
Event: 394.861 Thread 0x000000001863b800 nmethod 9960 0x000000000364a910 code [0x000000000364aa60, 0x000000000364ab70]
Event: 394.865 Thread 0x000000001863b800 9961       2       org.eclipse.jdt.internal.formatter.TokenManager::toIndent (42 bytes)
Event: 394.865 Thread 0x000000001863b800 nmethod 9961 0x000000000364a550 code [0x000000000364a6a0, 0x000000000364a850]
Event: 394.870 Thread 0x000000001863b800 9962       2       org.eclipse.jface.text.AbstractDocument::addPositionCategory (50 bytes)
Event: 394.872 Thread 0x000000001863b800 nmethod 9962 0x0000000003b5b210 code [0x0000000003b5b3a0, 0x0000000003b5b768]
Event: 394.872 Thread 0x000000001863b800 9963       2       org.eclipse.jface.text.AbstractDocument::insertPositionUpdater (76 bytes)
Event: 394.873 Thread 0x000000001863b800 nmethod 9963 0x0000000003b5ac10 code [0x0000000003b5adc0, 0x0000000003b5b0a8]

GC Heap History (10 events):
Event: 391.850 GC heap after
Heap after GC invocations=93 (full 0):
 garbage-first heap   total 65536K, used 50752K [0x00000000c0000000, 0x00000000c0100200, 0x0000000100000000)
  region size 1024K, 1 young (1024K), 1 survivors (1024K)
 Metaspace       used 54836K, capacity 57926K, committed 58240K, reserved 1101824K
  class space    used 5457K, capacity 6402K, committed 6528K, reserved 1048576K
}
Event: 391.882 GC heap before
{Heap before GC invocations=93 (full 0):
 garbage-first heap   total 65536K, used 52800K [0x00000000c0000000, 0x00000000c0100200, 0x0000000100000000)
  region size 1024K, 3 young (3072K), 1 survivors (1024K)
 Metaspace       used 54857K, capacity 57926K, committed 58240K, reserved 1101824K
  class space    used 5457K, capacity 6402K, committed 6528K, reserved 1048576K
Event: 391.896 GC heap after
Heap after GC invocations=94 (full 0):
 garbage-first heap   total 65536K, used 46796K [0x00000000c0000000, 0x00000000c0100200, 0x0000000100000000)
  region size 1024K, 1 young (1024K), 1 survivors (1024K)
 Metaspace       used 54857K, capacity 57926K, committed 58240K, reserved 1101824K
  class space    used 5457K, capacity 6402K, committed 6528K, reserved 1048576K
}
Event: 391.948 GC heap before
{Heap before GC invocations=94 (full 0):
 garbage-first heap   total 65536K, used 48844K [0x00000000c0000000, 0x00000000c0100200, 0x0000000100000000)
  region size 1024K, 3 young (3072K), 1 survivors (1024K)
 Metaspace       used 54858K, capacity 57926K, committed 58240K, reserved 1101824K
  class space    used 5457K, capacity 6402K, committed 6528K, reserved 1048576K
Event: 391.974 GC heap after
Heap after GC invocations=95 (full 0):
 garbage-first heap   total 65536K, used 46488K [0x00000000c0000000, 0x00000000c0100200, 0x0000000100000000)
  region size 1024K, 1 young (1024K), 1 survivors (1024K)
 Metaspace       used 54858K, capacity 57926K, committed 58240K, reserved 1101824K
  class space    used 5457K, capacity 6402K, committed 6528K, reserved 1048576K
}
Event: 392.011 GC heap before
{Heap before GC invocations=95 (full 0):
 garbage-first heap   total 65536K, used 48536K [0x00000000c0000000, 0x00000000c0100200, 0x0000000100000000)
  region size 1024K, 3 young (3072K), 1 survivors (1024K)
 Metaspace       used 54858K, capacity 57926K, committed 58240K, reserved 1101824K
  class space    used 5457K, capacity 6402K, committed 6528K, reserved 1048576K
Event: 392.030 GC heap after
Heap after GC invocations=96 (full 0):
 garbage-first heap   total 65536K, used 49152K [0x00000000c0000000, 0x00000000c0100200, 0x0000000100000000)
  region size 1024K, 1 young (1024K), 1 survivors (1024K)
 Metaspace       used 54858K, capacity 57926K, committed 58240K, reserved 1101824K
  class space    used 5457K, capacity 6402K, committed 6528K, reserved 1048576K
}
Event: 392.079 GC heap before
{Heap before GC invocations=96 (full 0):
 garbage-first heap   total 65536K, used 51200K [0x00000000c0000000, 0x00000000c0100200, 0x0000000100000000)
  region size 1024K, 3 young (3072K), 1 survivors (1024K)
 Metaspace       used 54858K, capacity 57926K, committed 58240K, reserved 1101824K
  class space    used 5457K, capacity 6402K, committed 6528K, reserved 1048576K
Event: 392.092 GC heap after
Heap after GC invocations=97 (full 0):
 garbage-first heap   total 131072K, used 50009K [0x00000000c0000000, 0x00000000c0100400, 0x0000000100000000)
  region size 1024K, 1 young (1024K), 1 survivors (1024K)
 Metaspace       used 54858K, capacity 57926K, committed 58240K, reserved 1101824K
  class space    used 5457K, capacity 6402K, committed 6528K, reserved 1048576K
}
Event: 394.875 GC heap before
{Heap before GC invocations=98 (full 0):
 garbage-first heap   total 131072K, used 106329K [0x00000000c0000000, 0x00000000c0100400, 0x0000000100000000)
  region size 1024K, 56 young (57344K), 1 survivors (1024K)
 Metaspace       used 54974K, capacity 58122K, committed 58496K, reserved 1101824K
  class space    used 5461K, capacity 6402K, committed 6528K, reserved 1048576K

Deoptimization events (10 events):
Event: 392.729 Thread 0x000000001cd70800 Uncommon trap: reason=unstable_if action=reinterpret pc=0x0000000002b27df4 method=java.util.HashMap.resize()[Ljava/util/HashMap$Node; @ 206
Event: 392.735 Thread 0x000000001cd6c000 Uncommon trap: reason=class_check action=maybe_recompile pc=0x00000000048b7cb4 method=org.eclipse.jdt.internal.core.JavaModelManager.putInfos(Lorg/eclipse/jdt/core/IJavaElement;Ljava/lang/Object;ZLjava/util/Map;)Ljava/lang/Object; @ 59
Event: 392.816 Thread 0x000000001cd70800 Uncommon trap: reason=class_check action=maybe_recompile pc=0x00000000048b7cb4 method=org.eclipse.jdt.internal.core.JavaModelManager.putInfos(Lorg/eclipse/jdt/core/IJavaElement;Ljava/lang/Object;ZLjava/util/Map;)Ljava/lang/Object; @ 59
Event: 394.726 Thread 0x000000001cd70800 Uncommon trap: reason=unstable_if action=reinterpret pc=0x0000000003d90cd0 method=org.eclipse.jdt.core.dom.ASTNode$NodeList.newCursor()Lorg/eclipse/jdt/core/dom/ASTNode$NodeList$Cursor; @ 8
Event: 394.726 Thread 0x000000001cd70800 Uncommon trap: reason=unstable_if action=reinterpret pc=0x0000000003e7f154 method=org.eclipse.jdt.core.dom.ASTNode$NodeList.releaseCursor(Lorg/eclipse/jdt/core/dom/ASTNode$NodeList$Cursor;)V @ 24
Event: 394.727 Thread 0x000000001cd6c000 Uncommon trap: reason=unstable_if action=reinterpret pc=0x0000000003e7f154 method=org.eclipse.jdt.core.dom.ASTNode$NodeList.releaseCursor(Lorg/eclipse/jdt/core/dom/ASTNode$NodeList$Cursor;)V @ 24
Event: 394.727 Thread 0x000000001cd6c000 Uncommon trap: reason=unstable_if action=reinterpret pc=0x0000000003e7f154 method=org.eclipse.jdt.core.dom.ASTNode$NodeList.releaseCursor(Lorg/eclipse/jdt/core/dom/ASTNode$NodeList$Cursor;)V @ 24
Event: 394.752 Thread 0x000000001cd70800 Uncommon trap: reason=class_check action=maybe_recompile pc=0x0000000003f9c770 method=java.util.HashMap.removeNode(ILjava/lang/Object;Ljava/lang/Object;ZZ)Ljava/util/HashMap$Node; @ 143
Event: 394.753 Thread 0x000000001cd6c000 Uncommon trap: reason=class_check action=maybe_recompile pc=0x0000000003f9c770 method=java.util.HashMap.removeNode(ILjava/lang/Object;Ljava/lang/Object;ZZ)Ljava/util/HashMap$Node; @ 143
Event: 394.754 Thread 0x000000001cd70800 Uncommon trap: reason=unstable_if action=reinterpret pc=0x0000000003e7b828 method=org.eclipse.jdt.core.dom.ASTNode$NodeList.releaseCursor(Lorg/eclipse/jdt/core/dom/ASTNode$NodeList$Cursor;)V @ 24

Classes redefined (0 events):
No events

Internal exceptions (10 events):
Event: 371.452 Thread 0x000000001cd70800 Exception <a 'java/lang/ArrayIndexOutOfBoundsException': 210> (0x00000000c3445f58) thrown at [C:\re\workspace\8-2-build-windows-amd64-cygwin\jdk8u231\13620\hotspot\src\share\vm\interpreter\interpreterRuntime.cpp, line 368]
Event: 372.352 Thread 0x000000001cd6e000 Exception <a 'java/lang/ArrayIndexOutOfBoundsException': 210> (0x00000000c2c483d0) thrown at [C:\re\workspace\8-2-build-windows-amd64-cygwin\jdk8u231\13620\hotspot\src\share\vm\interpreter\interpreterRuntime.cpp, line 368]
Event: 372.352 Thread 0x000000001cd6e000 Exception <a 'java/lang/ArrayIndexOutOfBoundsException'> (0x00000000c2c48608) thrown at [C:\re\workspace\8-2-build-windows-amd64-cygwin\jdk8u231\13620\hotspot\src\share\vm\runtime\sharedRuntime.cpp, line 605]
Event: 372.352 Thread 0x000000001cd6e000 Exception <a 'java/lang/ArrayIndexOutOfBoundsException': 211> (0x00000000c2c48840) thrown at [C:\re\workspace\8-2-build-windows-amd64-cygwin\jdk8u231\13620\hotspot\src\share\vm\interpreter\interpreterRuntime.cpp, line 368]
Event: 373.620 Thread 0x000000001cd6f800 Exception <a 'java/lang/ArrayIndexOutOfBoundsException': 212> (0x00000000c2c361d8) thrown at [C:\re\workspace\8-2-build-windows-amd64-cygwin\jdk8u231\13620\hotspot\src\share\vm\interpreter\interpreterRuntime.cpp, line 368]
Event: 373.620 Thread 0x000000001cd6f800 Exception <a 'java/lang/ArrayIndexOutOfBoundsException'> (0x00000000c2c36410) thrown at [C:\re\workspace\8-2-build-windows-amd64-cygwin\jdk8u231\13620\hotspot\src\share\vm\runtime\sharedRuntime.cpp, line 605]
Event: 373.620 Thread 0x000000001cd6f800 Exception <a 'java/lang/ArrayIndexOutOfBoundsException': 213> (0x00000000c2c36648) thrown at [C:\re\workspace\8-2-build-windows-amd64-cygwin\jdk8u231\13620\hotspot\src\share\vm\interpreter\interpreterRuntime.cpp, line 368]
Event: 373.665 Thread 0x000000001cd6e000 Exception <a 'java/lang/ArrayIndexOutOfBoundsException': 212> (0x00000000c3ff03d8) thrown at [C:\re\workspace\8-2-build-windows-amd64-cygwin\jdk8u231\13620\hotspot\src\share\vm\interpreter\interpreterRuntime.cpp, line 368]
Event: 373.665 Thread 0x000000001cd6e000 Exception <a 'java/lang/ArrayIndexOutOfBoundsException'> (0x00000000c3ff0610) thrown at [C:\re\workspace\8-2-build-windows-amd64-cygwin\jdk8u231\13620\hotspot\src\share\vm\runtime\sharedRuntime.cpp, line 605]
Event: 373.665 Thread 0x000000001cd6e000 Exception <a 'java/lang/ArrayIndexOutOfBoundsException': 213> (0x00000000c3ff0848) thrown at [C:\re\workspace\8-2-build-windows-amd64-cygwin\jdk8u231\13620\hotspot\src\share\vm\interpreter\interpreterRuntime.cpp, line 368]

Events (10 events):
Event: 394.752 Thread 0x000000001cd70800 DEOPT UNPACKING pc=0x000000000293583b sp=0x000000001c1adc38 mode 2
Event: 394.753 Thread 0x000000001cd6c000 Uncommon trap: trap_request=0xffffffde fr.pc=0x0000000003f9c770
Event: 394.753 Thread 0x000000001cd6c000 DEOPT PACKING pc=0x0000000003f9c770 sp=0x000000001beae1a0
Event: 394.753 Thread 0x000000001cd6c000 DEOPT UNPACKING pc=0x000000000293583b sp=0x000000001beae0b8 mode 2
Event: 394.754 Thread 0x000000001cd70800 Uncommon trap: trap_request=0xffffff65 fr.pc=0x0000000003e7b828
Event: 394.754 Thread 0x000000001cd70800 DEOPT PACKING pc=0x0000000003e7b828 sp=0x000000001c1ae7b0
Event: 394.754 Thread 0x000000001cd70800 DEOPT UNPACKING pc=0x000000000293583b sp=0x000000001c1ae790 mode 2
Event: 394.820 Thread 0x000000001cd6c000 DEOPT PACKING pc=0x0000000002effc99 sp=0x000000001beadc80
Event: 394.820 Thread 0x000000001cd6c000 DEOPT UNPACKING pc=0x0000000002937490 sp=0x000000001bead968 mode 0
Event: 394.873 Executing VM operation: G1IncCollectionPause


Dynamic libraries:
0x00007ff7a1fd0000 - 0x00007ff7a2007000 	C:\Program Files\Java\jdk1.8.0_231\bin\java.exe
0x00007ffb8a960000 - 0x00007ffb8ab50000 	C:\WINDOWS\SYSTEM32\ntdll.dll
0x00007ffb82ab0000 - 0x00007ffb82ac4000 	C:\Program Files\AVG\Antivirus\aswhook.dll
0x00007ffb89100000 - 0x00007ffb891b2000 	C:\WINDOWS\System32\KERNEL32.DLL
0x00007ffb88400000 - 0x00007ffb886a3000 	C:\WINDOWS\System32\KERNELBASE.dll
0x00007ffb8a450000 - 0x00007ffb8a4f3000 	C:\WINDOWS\System32\ADVAPI32.dll
0x00007ffb89a20000 - 0x00007ffb89abe000 	C:\WINDOWS\System32\msvcrt.dll
0x00007ffb8a6a0000 - 0x00007ffb8a737000 	C:\WINDOWS\System32\sechost.dll
0x00007ffb89ad0000 - 0x00007ffb89bf0000 	C:\WINDOWS\System32\RPCRT4.dll
0x00007ffb8a500000 - 0x00007ffb8a694000 	C:\WINDOWS\System32\USER32.dll
0x00007ffb88930000 - 0x00007ffb88951000 	C:\WINDOWS\System32\win32u.dll
0x00007ffb892a0000 - 0x00007ffb892c6000 	C:\WINDOWS\System32\GDI32.dll
0x00007ffb879c0000 - 0x00007ffb87b54000 	C:\WINDOWS\System32\gdi32full.dll
0x00007ffb878f0000 - 0x00007ffb8798e000 	C:\WINDOWS\System32\msvcp_win.dll
0x00007ffb87b60000 - 0x00007ffb87c5a000 	C:\WINDOWS\System32\ucrtbase.dll
0x00007ffb77220000 - 0x00007ffb774a5000 	C:\WINDOWS\WinSxS\amd64_microsoft.windows.common-controls_6595b64144ccf1df_6.0.18362.418_none_e6c6b287130d565d\COMCTL32.dll
0x00007ffb896e0000 - 0x00007ffb89a16000 	C:\WINDOWS\System32\combase.dll
0x00007ffb886b0000 - 0x00007ffb88730000 	C:\WINDOWS\System32\bcryptPrimitives.dll
0x00007ffb8a330000 - 0x00007ffb8a35e000 	C:\WINDOWS\System32\IMM32.DLL
0x00000000766c0000 - 0x0000000076792000 	C:\Program Files\Java\jdk1.8.0_231\jre\bin\msvcr100.dll
0x0000000075e10000 - 0x00000000766b6000 	C:\Program Files\Java\jdk1.8.0_231\jre\bin\server\jvm.dll
0x00007ffb89ac0000 - 0x00007ffb89ac8000 	C:\WINDOWS\System32\PSAPI.DLL
0x00007ffb756d0000 - 0x00007ffb756d9000 	C:\WINDOWS\SYSTEM32\WSOCK32.dll
0x00007ffb894c0000 - 0x00007ffb8952f000 	C:\WINDOWS\System32\WS2_32.dll
0x00007ffb83de0000 - 0x00007ffb83e04000 	C:\WINDOWS\SYSTEM32\WINMM.dll
0x00007ffb7f730000 - 0x00007ffb7f73a000 	C:\WINDOWS\SYSTEM32\VERSION.dll
0x00007ffb83db0000 - 0x00007ffb83ddd000 	C:\WINDOWS\SYSTEM32\WINMMBASE.dll
0x00007ffb88730000 - 0x00007ffb8877a000 	C:\WINDOWS\System32\cfgmgr32.dll
0x00007ffb839a0000 - 0x00007ffb839af000 	C:\Program Files\Java\jdk1.8.0_231\jre\bin\verify.dll
0x00007ffb81690000 - 0x00007ffb816b9000 	C:\Program Files\Java\jdk1.8.0_231\jre\bin\java.dll
0x00007ffb81670000 - 0x00007ffb81686000 	C:\Program Files\Java\jdk1.8.0_231\jre\bin\zip.dll
0x00007ffb88a10000 - 0x00007ffb890f5000 	C:\WINDOWS\System32\SHELL32.dll
0x00007ffb89da0000 - 0x00007ffb89e49000 	C:\WINDOWS\System32\shcore.dll
0x00007ffb87c60000 - 0x00007ffb883df000 	C:\WINDOWS\System32\windows.storage.dll
0x00007ffb878b0000 - 0x00007ffb878cf000 	C:\WINDOWS\System32\profapi.dll
0x00007ffb87860000 - 0x00007ffb878aa000 	C:\WINDOWS\System32\powrprof.dll
0x00007ffb87830000 - 0x00007ffb87840000 	C:\WINDOWS\System32\UMPDC.dll
0x00007ffb891c0000 - 0x00007ffb89212000 	C:\WINDOWS\System32\shlwapi.dll
0x00007ffb87840000 - 0x00007ffb87851000 	C:\WINDOWS\System32\kernel.appcore.dll
0x00007ffb883e0000 - 0x00007ffb883f7000 	C:\WINDOWS\System32\cryptsp.dll
0x00007ffb86bb0000 - 0x00007ffb86be3000 	C:\WINDOWS\system32\rsaenh.dll
0x00007ffb87990000 - 0x00007ffb879b6000 	C:\WINDOWS\System32\bcrypt.dll
0x00007ffb87720000 - 0x00007ffb87745000 	C:\WINDOWS\SYSTEM32\USERENV.dll
0x00007ffb87210000 - 0x00007ffb8721c000 	C:\WINDOWS\SYSTEM32\CRYPTBASE.dll
0x00007ffb76ff0000 - 0x00007ffb7700a000 	C:\Program Files\Java\jdk1.8.0_231\jre\bin\net.dll
0x00007ffb87040000 - 0x00007ffb870a7000 	C:\WINDOWS\system32\mswsock.dll
0x00007ffb86d50000 - 0x00007ffb86d8a000 	C:\WINDOWS\SYSTEM32\IPHLPAPI.DLL
0x00007ffb89400000 - 0x00007ffb89408000 	C:\WINDOWS\System32\NSI.dll
0x00007ffb7a930000 - 0x00007ffb7a946000 	C:\WINDOWS\SYSTEM32\dhcpcsvc6.DLL
0x00007ffb7b670000 - 0x00007ffb7b68c000 	C:\WINDOWS\SYSTEM32\dhcpcsvc.DLL
0x00007ffb86d90000 - 0x00007ffb86e5a000 	C:\WINDOWS\SYSTEM32\DNSAPI.dll
0x00007ffb759e0000 - 0x00007ffb759f2000 	C:\Program Files\Java\jdk1.8.0_231\jre\bin\nio.dll
0x00007ffb58560000 - 0x00007ffb58589000 	C:\Users\Debbies LAPTOP\.vscode\extensions\redhat.java-0.52.0\server\config_win\org.eclipse.equinox.launcher\org.eclipse.equinox.launcher.win32.win32.x86_64_1.1.1100.v20190907-0426\eclipse_1902.dll
0x00007ffb5bc10000 - 0x00007ffb5bc21000 	C:\Users\Debbies LAPTOP\.vscode\extensions\redhat.java-0.52.0\server\config_win\org.eclipse.osgi\21\0\.cp\jWinHttp-1.0.0.dll
0x00007ffb8a7c0000 - 0x00007ffb8a916000 	C:\WINDOWS\System32\ole32.dll
0x00007ffb774e0000 - 0x00007ffb775d0000 	C:\WINDOWS\SYSTEM32\WINHTTP.dll

VM Arguments:
jvm_args: -Declipse.application=org.eclipse.jdt.ls.core.id1 -Dosgi.bundles.defaultStartLevel=4 -Declipse.product=org.eclipse.jdt.ls.core.product -Dfile.encoding=utf8 -DwatchParentProcess=false -Xverify:none -Xmx1G -XX:+UseG1GC -XX:+UseStringDeduplication 
java_command: c:\Users\Debbies LAPTOP\.vscode\extensions\redhat.java-0.52.0\server\plugins\org.eclipse.equinox.launcher_1.5.600.v20191014-2022.jar -configuration c:\Users\Debbies LAPTOP\.vscode\extensions\redhat.java-0.52.0\server\config_win -data c:\Users\Debbies LAPTOP\AppData\Roaming\Code\User\workspaceStorage\42f83643f71fb4215b1d7d4919a90ef0\redhat.java\jdt_ws
java_class_path (initial): c:\Users\Debbies LAPTOP\.vscode\extensions\redhat.java-0.52.0\server\plugins\org.eclipse.equinox.launcher_1.5.600.v20191014-2022.jar
Launcher Type: SUN_STANDARD

Environment Variables:
JAVA_HOME=C:\Program Files\Java\jdk1.8.0_231
PATH=C:\Program Files (x86)\Common Files\Oracle\Java\javapath;C:\Program Files (x86)\Intel\TXE Components\iCLS\;C:\Program Files\Intel\TXE Components\iCLS\;C:\WINDOWS\system32;C:\WINDOWS;C:\WINDOWS\System32\Wbem;C:\WINDOWS\System32\WindowsPowerShell\v1.0\;C:\Program Files\Intel\TXE Components\DAL\;C:\Program Files (x86)\Intel\TXE Components\DAL\;C:\Program Files\Intel\TXE Components\IPT\;C:\Program Files (x86)\Intel\TXE Components\IPT\;C:\WINDOWS\System32\OpenSSH\;C:\Program Files\Java\jdk1.8.0_231\bin;C:\Program Files\Java\jdk1.8.0_231
USERNAME=Debbies LAPTOP
OS=Windows_NT
PROCESSOR_IDENTIFIER=Intel64 Family 6 Model 92 Stepping 9, GenuineIntel



---------------  S Y S T E M  ---------------

OS: Windows 10.0 , 64 bit Build 18362 (10.0.18362.329)

CPU:total 4 (initial active 4) (4 cores per cpu, 1 threads per core) family 6 model 92 stepping 9, cmov, cx8, fxsr, mmx, sse, sse2, sse3, ssse3, sse4.1, sse4.2, popcnt, aes, clmul, erms, 3dnowpref, tsc, tscinvbit

Memory: 4k page, physical 4030688k(291148k free), swap 11518428k(43596k free)

vm_info: Java HotSpot(TM) 64-Bit Server VM (25.231-b11) for windows-amd64 JRE (1.8.0_231-b11), built on Oct  5 2019 03:11:30 by "java_re" with MS VC++ 10.0 (VS2010)

time: Thu Nov 14 10:37:31 2019
timezone: GMT Standard Time
elapsed time: 394 seconds (0d 0h 6m 34s)

