#
# There is insufficient memory for the Java Runtime Environment to continue.
# Native memory allocation (mmap) failed to map 114294784 bytes for Failed to commit area from 0x00000000c6d00000 to 0x00000000cda00000 of length 114294784.
# Possible reasons:
#   The system is out of physical RAM or swap space
#   The process is running with CompressedOops enabled, and the Java Heap may be blocking the growth of the native heap
# Possible solutions:
#   Reduce memory load on the system
#   Increase physical memory or swap space
#   Check if swap backing store is full
#   Decrease Java heap size (-Xmx/-Xms)
#   Decrease number of Java threads
#   Decrease Java thread stack sizes (-Xss)
#   Set larger code cache with -XX:ReservedCodeCacheSize=
#   JVM is running with Unscaled Compressed Oops mode in which the Java heap is
#     placed in the first 4GB address space. The Java Heap base address is the
#     maximum limit for the native heap growth. Please use -XX:HeapBaseMinAddress
#     to set the Java Heap base and to place the Java Heap above 4GB virtual address.
# This output file may be truncated or incomplete.
#
#  Out of Memory Error (os_windows.cpp:3377), pid=445040, tid=0x000000000006c884
#
# JRE version: Java(TM) SE Runtime Environment (8.0_231-b11) (build 1.8.0_231-b11)
# Java VM: Java HotSpot(TM) 64-Bit Server VM (25.231-b11 mixed mode windows-amd64 compressed oops)
# Failed to write core dump. Minidumps are not enabled by default on client versions of Windows
#

---------------  T H R E A D  ---------------

Current thread (0x0000000017fb0000):  VMThread [stack: 0x0000000017d50000,0x0000000017e50000] [id=444548]

Stack: [0x0000000017d50000,0x0000000017e50000]
[error occurred during error reporting (printing stack bounds), id 0xc0000005]

Native frames: (J=compiled Java code, j=interpreted, Vv=VM code, C=native code)

VM_Operation (0x000000001bf1ea50): G1IncCollectionPause, mode: safepoint, requested by thread 0x000000001a5a4800


---------------  P R O C E S S  ---------------

Java Threads: ( => current thread )
  0x000000001a547000 JavaThread "Thread-2" daemon [_thread_blocked, id=434084, stack(0x0000000020640000,0x0000000020740000)]
  0x000000001a546800 JavaThread "ForkJoinPool.commonPool-worker-1" daemon [_thread_blocked, id=405264, stack(0x000000001f030000,0x000000001f130000)]
  0x000000001a548800 JavaThread "Worker-4" [_thread_blocked, id=437616, stack(0x0000000020140000,0x0000000020240000)]
  0x00000000192dc000 JavaThread "Worker-3" [_thread_blocked, id=438536, stack(0x000000001ea20000,0x000000001eb20000)]
  0x000000001a4a5000 JavaThread "pool-1-thread-1" [_thread_in_native, id=438872, stack(0x000000001d4f0000,0x000000001d5f0000)]
  0x000000001a5a4800 JavaThread "Java indexing" daemon [_thread_blocked, id=262088, stack(0x000000001be20000,0x000000001bf20000)]
  0x000000001a3be800 JavaThread "Worker-2" [_thread_blocked, id=444104, stack(0x000000001bb20000,0x000000001bc20000)]
  0x00000000182fb000 JavaThread "Worker-1" [_thread_blocked, id=435788, stack(0x000000001b820000,0x000000001b920000)]
  0x0000000019232800 JavaThread "Worker-0" [_thread_blocked, id=435108, stack(0x000000001b720000,0x000000001b820000)]
  0x000000001a351000 JavaThread "Worker-JM" [_thread_blocked, id=438568, stack(0x000000001b420000,0x000000001b520000)]
  0x000000001a1d6800 JavaThread "Bundle File Closer" daemon [_thread_blocked, id=438664, stack(0x000000001ad80000,0x000000001ae80000)]
  0x0000000019cce800 JavaThread "Start Level: Equinox Container: cc9f5aad-219e-40b1-942b-67baab589ab2" daemon [_thread_blocked, id=437876, stack(0x000000001ac80000,0x000000001ad80000)]
  0x00000000194dc000 JavaThread "Framework Event Dispatcher: Equinox Container: cc9f5aad-219e-40b1-942b-67baab589ab2" daemon [_thread_blocked, id=431420, stack(0x000000001ab80000,0x000000001ac80000)]
  0x000000001937c000 JavaThread "Active Thread: Equinox Container: cc9f5aad-219e-40b1-942b-67baab589ab2" [_thread_blocked, id=421984, stack(0x0000000019ab0000,0x0000000019bb0000)]
  0x00000000180bf800 JavaThread "Service Thread" daemon [_thread_blocked, id=444632, stack(0x0000000018c30000,0x0000000018d30000)]
  0x0000000018078000 JavaThread "C1 CompilerThread2" daemon [_thread_blocked, id=379916, stack(0x0000000018b30000,0x0000000018c30000)]
  0x0000000018040800 JavaThread "C2 CompilerThread1" daemon [_thread_in_native, id=444988, stack(0x0000000018a30000,0x0000000018b30000)]
  0x000000001803c800 JavaThread "C2 CompilerThread0" daemon [_thread_blocked, id=441440, stack(0x0000000018930000,0x0000000018a30000)]
  0x000000001803b800 JavaThread "Attach Listener" daemon [_thread_blocked, id=443148, stack(0x0000000018830000,0x0000000018930000)]
  0x0000000018036800 JavaThread "Signal Dispatcher" daemon [_thread_blocked, id=435500, stack(0x0000000018730000,0x0000000018830000)]
  0x0000000018035800 JavaThread "Surrogate Locker Thread (Concurrent GC)" daemon [_thread_blocked, id=442856, stack(0x0000000018630000,0x0000000018730000)]
  0x0000000017fbe000 JavaThread "Finalizer" daemon [_thread_blocked, id=421872, stack(0x0000000018430000,0x0000000018530000)]
  0x0000000017fb7000 JavaThread "Reference Handler" daemon [_thread_blocked, id=445032, stack(0x0000000018330000,0x0000000018430000)]
  0x0000000002212800 JavaThread "main" [_thread_blocked, id=445028, stack(0x0000000002070000,0x0000000002170000)]

Other Threads:
=>0x0000000017fb0000 VMThread [stack: 0x0000000017d50000,0x0000000017e50000] [id=444548]
  0x00000000180c3000 WatcherThread [stack: 0x0000000018d30000,0x0000000018e30000] [id=436684]

VM state:at safepoint (normal execution)

VM Mutex/Monitor currently owned by a thread:  ([mutex/lock_event])
[0x00000000022116d0] Threads_lock - owner thread: 0x0000000017fb0000
[0x0000000002211a50] Heap_lock - owner thread: 0x000000001a5a4800

heap address: 0x00000000c0000000, size: 1024 MB, Compressed Oops mode: 32-bit
Narrow klass base: 0x0000000000000000, Narrow klass shift: 3
Compressed class space size: 1073741824 Address: 0x0000000100000000

Heap:
 garbage-first heap   total 223232K, used 102700K [0x00000000c0000000, 0x00000000c01006d0, 0x0000000100000000)
  region size 1024K, 1 young (1024K), 1 survivors (1024K)
 Metaspace       used 45418K, capacity 47934K, committed 48156K, reserved 1091584K
  class space    used 4827K, capacity 5655K, committed 5660K, reserved 1048576K

Heap Regions: (Y=young(eden), SU=young(survivor), HS=humongous(starts), HC=humongous(continues), CS=collection set, F=free, TS=gc time stamp, PTAMS=previous top-at-mark-start, NTAMS=next top-at-mark-start)
AC   0  O    TS     0 PTAMS 0x00000000c0100000 NTAMS 0x00000000c0100000 space 1024K, 100% used [0x00000000c0000000, 0x00000000c0100000)
AC   0  O    TS     0 PTAMS 0x00000000c0200000 NTAMS 0x00000000c0200000 space 1024K, 100% used [0x00000000c0100000, 0x00000000c0200000)
AC   0  O    TS     0 PTAMS 0x00000000c0300000 NTAMS 0x00000000c0300000 space 1024K, 100% used [0x00000000c0200000, 0x00000000c0300000)
AC   0  O    TS     0 PTAMS 0x00000000c0400000 NTAMS 0x00000000c0400000 space 1024K, 100% used [0x00000000c0300000, 0x00000000c0400000)
AC   0  O    TS     0 PTAMS 0x00000000c0500000 NTAMS 0x00000000c0500000 space 1024K, 100% used [0x00000000c0400000, 0x00000000c0500000)
AC   0  O    TS     0 PTAMS 0x00000000c0600000 NTAMS 0x00000000c0600000 space 1024K, 100% used [0x00000000c0500000, 0x00000000c0600000)
AC   0  O    TS     0 PTAMS 0x00000000c0700000 NTAMS 0x00000000c0700000 space 1024K, 100% used [0x00000000c0600000, 0x00000000c0700000)
AC   0  O    TS     0 PTAMS 0x00000000c0800000 NTAMS 0x00000000c0800000 space 1024K, 100% used [0x00000000c0700000, 0x00000000c0800000)
AC   0  O    TS     0 PTAMS 0x00000000c0900000 NTAMS 0x00000000c0900000 space 1024K, 100% used [0x00000000c0800000, 0x00000000c0900000)
AC   0  O    TS     0 PTAMS 0x00000000c0a00000 NTAMS 0x00000000c0a00000 space 1024K, 100% used [0x00000000c0900000, 0x00000000c0a00000)
AC   0  O    TS     0 PTAMS 0x00000000c0b00000 NTAMS 0x00000000c0b00000 space 1024K, 100% used [0x00000000c0a00000, 0x00000000c0b00000)
AC   0  O    TS     0 PTAMS 0x00000000c0c00000 NTAMS 0x00000000c0c00000 space 1024K, 100% used [0x00000000c0b00000, 0x00000000c0c00000)
AC   0  O    TS     0 PTAMS 0x00000000c0d00000 NTAMS 0x00000000c0d00000 space 1024K, 100% used [0x00000000c0c00000, 0x00000000c0d00000)
AC   0  O    TS     0 PTAMS 0x00000000c0e00000 NTAMS 0x00000000c0e00000 space 1024K, 100% used [0x00000000c0d00000, 0x00000000c0e00000)
AC   0  O    TS     0 PTAMS 0x00000000c0f00000 NTAMS 0x00000000c0f00000 space 1024K, 100% used [0x00000000c0e00000, 0x00000000c0f00000)
AC   0  O    TS     5 PTAMS 0x00000000c0f00000 NTAMS 0x00000000c1000000 space 1024K, 100% used [0x00000000c0f00000, 0x00000000c1000000)
AC   0  O    TS     0 PTAMS 0x00000000c1100000 NTAMS 0x00000000c1100000 space 1024K, 100% used [0x00000000c1000000, 0x00000000c1100000)
AC   0  O    TS     0 PTAMS 0x00000000c1200000 NTAMS 0x00000000c1200000 space 1024K, 100% used [0x00000000c1100000, 0x00000000c1200000)
AC   0  O    TS     0 PTAMS 0x00000000c1300000 NTAMS 0x00000000c1300000 space 1024K, 100% used [0x00000000c1200000, 0x00000000c1300000)
AC   0  O    TS     0 PTAMS 0x00000000c1400000 NTAMS 0x00000000c1400000 space 1024K, 100% used [0x00000000c1300000, 0x00000000c1400000)
AC   0  O    TS     0 PTAMS 0x00000000c1500000 NTAMS 0x00000000c1500000 space 1024K, 100% used [0x00000000c1400000, 0x00000000c1500000)
AC   0  O    TS     5 PTAMS 0x00000000c1500000 NTAMS 0x00000000c1600000 space 1024K, 100% used [0x00000000c1500000, 0x00000000c1600000)
AC   0  O    TS     0 PTAMS 0x00000000c1700000 NTAMS 0x00000000c1700000 space 1024K, 100% used [0x00000000c1600000, 0x00000000c1700000)
AC   0  O    TS     5 PTAMS 0x00000000c1700000 NTAMS 0x00000000c1800000 space 1024K, 100% used [0x00000000c1700000, 0x00000000c1800000)
AC   0  O    TS     0 PTAMS 0x00000000c1900000 NTAMS 0x00000000c1900000 space 1024K, 100% used [0x00000000c1800000, 0x00000000c1900000)
AC   0  O    TS     0 PTAMS 0x00000000c1a00000 NTAMS 0x00000000c1a00000 space 1024K, 100% used [0x00000000c1900000, 0x00000000c1a00000)
AC   0  O    TS     5 PTAMS 0x00000000c1a00000 NTAMS 0x00000000c1b00000 space 1024K, 100% used [0x00000000c1a00000, 0x00000000c1b00000)
AC   0  O    TS     0 PTAMS 0x00000000c1c00000 NTAMS 0x00000000c1c00000 space 1024K, 100% used [0x00000000c1b00000, 0x00000000c1c00000)
AC   0  O    TS     0 PTAMS 0x00000000c1d00000 NTAMS 0x00000000c1d00000 space 1024K, 100% used [0x00000000c1c00000, 0x00000000c1d00000)
AC   0 HS    TS     0 PTAMS 0x00000000c1e4a780 NTAMS 0x00000000c1e4a780 space 2048K,  64% used [0x00000000c1d00000, 0x00000000c1f00000)
AC   0 HC    TS     0 PTAMS 0x00000000c1e00000 NTAMS 0x00000000c1e00000 space 1024K,  29% used [0x00000000c1e00000, 0x00000000c1f00000)
AC   0 HS    TS     0 PTAMS 0x00000000c1f80010 NTAMS 0x00000000c1f80010 space 1024K,  50% used [0x00000000c1f00000, 0x00000000c2000000)
AC   0  O    TS     0 PTAMS 0x00000000c2100000 NTAMS 0x00000000c2100000 space 1024K, 100% used [0x00000000c2000000, 0x00000000c2100000)
AC   0  O    TS     0 PTAMS 0x00000000c2200000 NTAMS 0x00000000c2200000 space 1024K, 100% used [0x00000000c2100000, 0x00000000c2200000)
AC   0  O    TS     0 PTAMS 0x00000000c2300000 NTAMS 0x00000000c2300000 space 1024K, 100% used [0x00000000c2200000, 0x00000000c2300000)
AC   0  O    TS     7 PTAMS 0x00000000c2300000 NTAMS 0x00000000c2400000 space 1024K, 100% used [0x00000000c2300000, 0x00000000c2400000)
AC   0  O    TS     7 PTAMS 0x00000000c2400000 NTAMS 0x00000000c2500000 space 1024K, 100% used [0x00000000c2400000, 0x00000000c2500000)
AC   0  O    TS     0 PTAMS 0x00000000c2600000 NTAMS 0x00000000c2600000 space 1024K, 100% used [0x00000000c2500000, 0x00000000c2600000)
AC   0  O    TS     0 PTAMS 0x00000000c2700000 NTAMS 0x00000000c2700000 space 1024K, 100% used [0x00000000c2600000, 0x00000000c2700000)
AC   0  O    TS     0 PTAMS 0x00000000c2800000 NTAMS 0x00000000c2800000 space 1024K, 100% used [0x00000000c2700000, 0x00000000c2800000)
AC   0  O    TS     0 PTAMS 0x00000000c2900000 NTAMS 0x00000000c2900000 space 1024K, 100% used [0x00000000c2800000, 0x00000000c2900000)
AC   0  O    TS     0 PTAMS 0x00000000c2a00000 NTAMS 0x00000000c2a00000 space 1024K, 100% used [0x00000000c2900000, 0x00000000c2a00000)
AC   0  O    TS     0 PTAMS 0x00000000c2b00000 NTAMS 0x00000000c2b00000 space 1024K, 100% used [0x00000000c2a00000, 0x00000000c2b00000)
AC   0  O    TS     0 PTAMS 0x00000000c2c00000 NTAMS 0x00000000c2c00000 space 1024K, 100% used [0x00000000c2b00000, 0x00000000c2c00000)
AC   0  O    TS     0 PTAMS 0x00000000c2d00000 NTAMS 0x00000000c2d00000 space 1024K, 100% used [0x00000000c2c00000, 0x00000000c2d00000)
AC   0  O    TS     0 PTAMS 0x00000000c2e00000 NTAMS 0x00000000c2e00000 space 1024K, 100% used [0x00000000c2d00000, 0x00000000c2e00000)
AC   0  O    TS     0 PTAMS 0x00000000c2f00000 NTAMS 0x00000000c2f00000 space 1024K, 100% used [0x00000000c2e00000, 0x00000000c2f00000)
AC   0  O    TS     0 PTAMS 0x00000000c3000000 NTAMS 0x00000000c3000000 space 1024K, 100% used [0x00000000c2f00000, 0x00000000c3000000)
AC   0  O    TS     0 PTAMS 0x00000000c3100000 NTAMS 0x00000000c3100000 space 1024K, 100% used [0x00000000c3000000, 0x00000000c3100000)
AC   0  O    TS     0 PTAMS 0x00000000c3200000 NTAMS 0x00000000c3200000 space 1024K, 100% used [0x00000000c3100000, 0x00000000c3200000)
AC   0  O    TS     0 PTAMS 0x00000000c3300000 NTAMS 0x00000000c3300000 space 1024K, 100% used [0x00000000c3200000, 0x00000000c3300000)
AC   0  O    TS     0 PTAMS 0x00000000c3400000 NTAMS 0x00000000c3400000 space 1024K, 100% used [0x00000000c3300000, 0x00000000c3400000)
AC   0  O    TS     0 PTAMS 0x00000000c3500000 NTAMS 0x00000000c3500000 space 1024K, 100% used [0x00000000c3400000, 0x00000000c3500000)
AC   0  O    TS     0 PTAMS 0x00000000c3600000 NTAMS 0x00000000c3600000 space 1024K, 100% used [0x00000000c3500000, 0x00000000c3600000)
AC   0  O    TS     7 PTAMS 0x00000000c3600000 NTAMS 0x00000000c3700000 space 1024K, 100% used [0x00000000c3600000, 0x00000000c3700000)
AC   0  O    TS     7 PTAMS 0x00000000c3700000 NTAMS 0x00000000c3800000 space 1024K, 100% used [0x00000000c3700000, 0x00000000c3800000)
AC   0  O    TS     0 PTAMS 0x00000000c3800000 NTAMS 0x00000000c3900000 space 1024K, 100% used [0x00000000c3800000, 0x00000000c3900000)
AC   0  O    TS     0 PTAMS 0x00000000c3900000 NTAMS 0x00000000c3a00000 space 1024K, 100% used [0x00000000c3900000, 0x00000000c3a00000)
AC   0  O    TS     0 PTAMS 0x00000000c3b00000 NTAMS 0x00000000c3b00000 space 1024K, 100% used [0x00000000c3a00000, 0x00000000c3b00000)
AC   0  O    TS     0 PTAMS 0x00000000c3c00000 NTAMS 0x00000000c3c00000 space 1024K, 100% used [0x00000000c3b00000, 0x00000000c3c00000)
AC   0  O    TS     7 PTAMS 0x00000000c3c00000 NTAMS 0x00000000c3d00000 space 1024K, 100% used [0x00000000c3c00000, 0x00000000c3d00000)
AC   0  F    TS     0 PTAMS 0x00000000c3d00000 NTAMS 0x00000000c3d00000 space 1024K,   0% used [0x00000000c3d00000, 0x00000000c3e00000)
AC   0  O    TS     0 PTAMS 0x00000000c3e00000 NTAMS 0x00000000c3f00000 space 1024K, 100% used [0x00000000c3e00000, 0x00000000c3f00000)
AC   0  O    TS     1 PTAMS 0x00000000c3f00000 NTAMS 0x00000000c4000000 space 1024K, 100% used [0x00000000c3f00000, 0x00000000c4000000)
AC   0  O    TS     0 PTAMS 0x00000000c4000000 NTAMS 0x00000000c4100000 space 1024K, 100% used [0x00000000c4000000, 0x00000000c4100000)
AC   0  O    TS     0 PTAMS 0x00000000c4100000 NTAMS 0x00000000c4200000 space 1024K, 100% used [0x00000000c4100000, 0x00000000c4200000)
AC   0  O    TS     0 PTAMS 0x00000000c4200000 NTAMS 0x00000000c4300000 space 1024K, 100% used [0x00000000c4200000, 0x00000000c4300000)
AC   0  O    TS     1 PTAMS 0x00000000c4300000 NTAMS 0x00000000c4400000 space 1024K, 100% used [0x00000000c4300000, 0x00000000c4400000)
AC   0  O    TS     1 PTAMS 0x00000000c4400000 NTAMS 0x00000000c4500000 space 1024K, 100% used [0x00000000c4400000, 0x00000000c4500000)
AC   0  O    TS     1 PTAMS 0x00000000c4500000 NTAMS 0x00000000c4600000 space 1024K, 100% used [0x00000000c4500000, 0x00000000c4600000)
AC   0  O    TS     1 PTAMS 0x00000000c4600000 NTAMS 0x00000000c4700000 space 1024K, 100% used [0x00000000c4600000, 0x00000000c4700000)
AC   0  O    TS     1 PTAMS 0x00000000c4700000 NTAMS 0x00000000c4800000 space 1024K, 100% used [0x00000000c4700000, 0x00000000c4800000)
AC   0  O    TS     3 PTAMS 0x00000000c4800000 NTAMS 0x00000000c4900000 space 1024K, 100% used [0x00000000c4800000, 0x00000000c4900000)
AC   0  O    TS     3 PTAMS 0x00000000c4900000 NTAMS 0x00000000c4a00000 space 1024K, 100% used [0x00000000c4900000, 0x00000000c4a00000)
AC   0  O    TS     3 PTAMS 0x00000000c4a00000 NTAMS 0x00000000c4b00000 space 1024K, 100% used [0x00000000c4a00000, 0x00000000c4b00000)
AC   0  O    TS     3 PTAMS 0x00000000c4b00000 NTAMS 0x00000000c4c00000 space 1024K, 100% used [0x00000000c4b00000, 0x00000000c4c00000)
AC   0  O    TS     3 PTAMS 0x00000000c4c00000 NTAMS 0x00000000c4d00000 space 1024K, 100% used [0x00000000c4c00000, 0x00000000c4d00000)
AC   0  O    TS     3 PTAMS 0x00000000c4d00000 NTAMS 0x00000000c4e00000 space 1024K, 100% used [0x00000000c4d00000, 0x00000000c4e00000)
AC   0  O    TS     3 PTAMS 0x00000000c4e00000 NTAMS 0x00000000c4f00000 space 1024K, 100% used [0x00000000c4e00000, 0x00000000c4f00000)
AC   0  O    TS     3 PTAMS 0x00000000c4f00000 NTAMS 0x00000000c5000000 space 1024K, 100% used [0x00000000c4f00000, 0x00000000c5000000)
AC   0  F    TS     0 PTAMS 0x00000000c5000000 NTAMS 0x00000000c5000000 space 1024K,   0% used [0x00000000c5000000, 0x00000000c5100000)
AC   0  S CS TS     7 PTAMS 0x00000000c5100000 NTAMS 0x00000000c5100000 space 1024K, 100% used [0x00000000c5100000, 0x00000000c5200000)
AC   0  F    TS     5 PTAMS 0x00000000c5200000 NTAMS 0x00000000c5200000 space 1024K,   0% used [0x00000000c5200000, 0x00000000c5300000)
AC   0  F    TS     0 PTAMS 0x00000000c5300000 NTAMS 0x00000000c5300000 space 1024K,   0% used [0x00000000c5300000, 0x00000000c5400000)
AC   0  F    TS     0 PTAMS 0x00000000c5400000 NTAMS 0x00000000c5400000 space 1024K,   0% used [0x00000000c5400000, 0x00000000c5500000)
AC   0  F    TS     0 PTAMS 0x00000000c5500000 NTAMS 0x00000000c5500000 space 1024K,   0% used [0x00000000c5500000, 0x00000000c5600000)
AC   0  F    TS     0 PTAMS 0x00000000c5600000 NTAMS 0x00000000c5600000 space 1024K,   0% used [0x00000000c5600000, 0x00000000c5700000)
AC   0 HS    TS     0 PTAMS 0x00000000c6c80b28 NTAMS 0x00000000c6c80b28 space 22528K,  97% used [0x00000000c5700000, 0x00000000c6d00000)
AC   0 HC    TS     0 PTAMS 0x00000000c5800000 NTAMS 0x00000000c5800000 space 1024K, 100% used [0x00000000c5800000, 0x00000000c5900000)
AC   0 HC    TS     0 PTAMS 0x00000000c5900000 NTAMS 0x00000000c5900000 space 1024K, 100% used [0x00000000c5900000, 0x00000000c5a00000)
AC   0 HC    TS     0 PTAMS 0x00000000c5a00000 NTAMS 0x00000000c5a00000 space 1024K, 100% used [0x00000000c5a00000, 0x00000000c5b00000)
AC   0 HC    TS     0 PTAMS 0x00000000c5b00000 NTAMS 0x00000000c5b00000 space 1024K, 100% used [0x00000000c5b00000, 0x00000000c5c00000)
AC   0 HC    TS     0 PTAMS 0x00000000c5c00000 NTAMS 0x00000000c5c00000 space 1024K, 100% used [0x00000000c5c00000, 0x00000000c5d00000)
AC   0 HC    TS     0 PTAMS 0x00000000c5d00000 NTAMS 0x00000000c5d00000 space 1024K, 100% used [0x00000000c5d00000, 0x00000000c5e00000)
AC   0 HC    TS     0 PTAMS 0x00000000c5e00000 NTAMS 0x00000000c5e00000 space 1024K, 100% used [0x00000000c5e00000, 0x00000000c5f00000)
AC   0 HC    TS     0 PTAMS 0x00000000c5f00000 NTAMS 0x00000000c5f00000 space 1024K, 100% used [0x00000000c5f00000, 0x00000000c6000000)
AC   0 HC    TS     0 PTAMS 0x00000000c6000000 NTAMS 0x00000000c6000000 space 1024K, 100% used [0x00000000c6000000, 0x00000000c6100000)
AC   0 HC    TS     0 PTAMS 0x00000000c6100000 NTAMS 0x00000000c6100000 space 1024K, 100% used [0x00000000c6100000, 0x00000000c6200000)
AC   0 HC    TS     0 PTAMS 0x00000000c6200000 NTAMS 0x00000000c6200000 space 1024K, 100% used [0x00000000c6200000, 0x00000000c6300000)
AC   0 HC    TS     0 PTAMS 0x00000000c6300000 NTAMS 0x00000000c6300000 space 1024K, 100% used [0x00000000c6300000, 0x00000000c6400000)
AC   0 HC    TS     0 PTAMS 0x00000000c6400000 NTAMS 0x00000000c6400000 space 1024K, 100% used [0x00000000c6400000, 0x00000000c6500000)
AC   0 HC    TS     0 PTAMS 0x00000000c6500000 NTAMS 0x00000000c6500000 space 1024K, 100% used [0x00000000c6500000, 0x00000000c6600000)
AC   0 HC    TS     0 PTAMS 0x00000000c6600000 NTAMS 0x00000000c6600000 space 1024K, 100% used [0x00000000c6600000, 0x00000000c6700000)
AC   0 HC    TS     0 PTAMS 0x00000000c6700000 NTAMS 0x00000000c6700000 space 1024K, 100% used [0x00000000c6700000, 0x00000000c6800000)
AC   0 HC    TS     0 PTAMS 0x00000000c6800000 NTAMS 0x00000000c6800000 space 1024K, 100% used [0x00000000c6800000, 0x00000000c6900000)
AC   0 HC    TS     0 PTAMS 0x00000000c6900000 NTAMS 0x00000000c6900000 space 1024K, 100% used [0x00000000c6900000, 0x00000000c6a00000)
AC   0 HC    TS     0 PTAMS 0x00000000c6a00000 NTAMS 0x00000000c6a00000 space 1024K, 100% used [0x00000000c6a00000, 0x00000000c6b00000)
AC   0 HC    TS     0 PTAMS 0x00000000c6b00000 NTAMS 0x00000000c6b00000 space 1024K, 100% used [0x00000000c6b00000, 0x00000000c6c00000)
AC   0 HC    TS     0 PTAMS 0x00000000c6c00000 NTAMS 0x00000000c6c00000 space 1024K,  50% used [0x00000000c6c00000, 0x00000000c6d00000)

Card table byte_map: [0x0000000012810000,0x0000000012a10000] byte_map_base: 0x0000000012210000

Marking Bits (Prev, Next): (CMBitMap*) 0x0000000002248ee0, (CMBitMap*) 0x0000000002248e88
 Prev Bits: [0x0000000013c10000, 0x0000000014c10000)
 Next Bits: [0x0000000012c10000, 0x0000000013c10000)

Polling page: 0x0000000000570000

CodeCache: size=245760Kb used=15100Kb max_used=15120Kb free=230660Kb
 bounds [0x0000000002310000, 0x00000000031f0000, 0x0000000011310000]
 total_blobs=4865 nmethods=4295 adapters=483
 compilation: enabled

Compilation events (10 events):
Event: 27.312 Thread 0x0000000018078000 5049   !   2       org.eclipse.jdt.core.Signature::getTypeParameters (309 bytes)
Event: 27.315 Thread 0x0000000018078000 nmethod 5049 0x0000000002cfed50 code [0x0000000002cfefe0, 0x0000000002cfff48]
Event: 27.325 Thread 0x000000001803c800 nmethod 5034 0x0000000002cfb510 code [0x0000000002cfb7a0, 0x0000000002cfc200]
Event: 27.325 Thread 0x000000001803c800 4887       4       org.eclipse.jdt.internal.compiler.util.HashtableOfObject::rehash (77 bytes)
Event: 27.397 Thread 0x000000001803c800 nmethod 4887 0x0000000002f5ff90 code [0x0000000002f60120, 0x0000000002f60bd8]
Event: 27.397 Thread 0x000000001803c800 5013       4       com.google.gson.stream.JsonReader::nextQuotedValue (270 bytes)
Event: 27.571 Thread 0x0000000018078000 5051  s    2       org.eclipse.jdt.internal.compiler.classfmt.MethodInfo::readModifierRelatedAttributes (216 bytes)
Event: 27.573 Thread 0x0000000018078000 nmethod 5051 0x0000000002f59810 code [0x0000000002f599e0, 0x0000000002f5a0b8]
Event: 27.696 Thread 0x000000001803c800 nmethod 5013 0x00000000031e5450 code [0x00000000031e5660, 0x00000000031e7cf8]
Event: 27.697 Thread 0x000000001803c800 5050       4       org.eclipse.jdt.internal.core.search.indexing.BinaryIndexer::extractArgCount (307 bytes)

GC Heap History (10 events):
Event: 27.125 GC heap after
Heap after GC invocations=35 (full 0):
 garbage-first heap   total 111616K, used 84780K [0x00000000c0000000, 0x00000000c0100368, 0x0000000100000000)
  region size 1024K, 3 young (3072K), 3 survivors (3072K)
 Metaspace       used 45418K, capacity 47934K, committed 48156K, reserved 1091584K
  class space    used 4827K, capacity 5655K, committed 5660K, reserved 1048576K
}
Event: 27.363 GC heap before
{Heap before GC invocations=35 (full 0):
 garbage-first heap   total 111616K, used 92972K [0x00000000c0000000, 0x00000000c0100368, 0x0000000100000000)
  region size 1024K, 11 young (11264K), 3 survivors (3072K)
 Metaspace       used 45418K, capacity 47934K, committed 48156K, reserved 1091584K
  class space    used 4827K, capacity 5655K, committed 5660K, reserved 1048576K
Event: 27.389 GC heap after
Heap after GC invocations=36 (full 0):
 garbage-first heap   total 111616K, used 90924K [0x00000000c0000000, 0x00000000c0100368, 0x0000000100000000)
  region size 1024K, 2 young (2048K), 2 survivors (2048K)
 Metaspace       used 45418K, capacity 47934K, committed 48156K, reserved 1091584K
  class space    used 4827K, capacity 5655K, committed 5660K, reserved 1048576K
}
Event: 27.510 GC heap before
{Heap before GC invocations=37 (full 0):
 garbage-first heap   total 111616K, used 95020K [0x00000000c0000000, 0x00000000c0100368, 0x0000000100000000)
  region size 1024K, 6 young (6144K), 2 survivors (2048K)
 Metaspace       used 45418K, capacity 47934K, committed 48156K, reserved 1091584K
  class space    used 4827K, capacity 5655K, committed 5660K, reserved 1048576K
Event: 27.537 GC heap after
Heap after GC invocations=38 (full 0):
 garbage-first heap   total 111616K, used 95532K [0x00000000c0000000, 0x00000000c0100368, 0x0000000100000000)
  region size 1024K, 1 young (1024K), 1 survivors (1024K)
 Metaspace       used 45418K, capacity 47934K, committed 48156K, reserved 1091584K
  class space    used 4827K, capacity 5655K, committed 5660K, reserved 1048576K
}
Event: 27.630 GC heap before
{Heap before GC invocations=38 (full 0):
 garbage-first heap   total 111616K, used 99628K [0x00000000c0000000, 0x00000000c0100368, 0x0000000100000000)
  region size 1024K, 5 young (5120K), 1 survivors (1024K)
 Metaspace       used 45418K, capacity 47934K, committed 48156K, reserved 1091584K
  class space    used 4827K, capacity 5655K, committed 5660K, reserved 1048576K
Event: 27.671 GC heap after
Heap after GC invocations=39 (full 0):
 garbage-first heap   total 111616K, used 93484K [0x00000000c0000000, 0x00000000c0100368, 0x0000000100000000)
  region size 1024K, 1 young (1024K), 1 survivors (1024K)
 Metaspace       used 45418K, capacity 47934K, committed 48156K, reserved 1091584K
  class space    used 4827K, capacity 5655K, committed 5660K, reserved 1048576K
}
Event: 27.716 GC heap before
{Heap before GC invocations=39 (full 0):
 garbage-first heap   total 111616K, used 97580K [0x00000000c0000000, 0x00000000c0100368, 0x0000000100000000)
  region size 1024K, 5 young (5120K), 1 survivors (1024K)
 Metaspace       used 45418K, capacity 47934K, committed 48156K, reserved 1091584K
  class space    used 4827K, capacity 5655K, committed 5660K, reserved 1048576K
Event: 27.739 GC heap after
Heap after GC invocations=40 (full 0):
 garbage-first heap   total 111616K, used 98092K [0x00000000c0000000, 0x00000000c0100368, 0x0000000100000000)
  region size 1024K, 1 young (1024K), 1 survivors (1024K)
 Metaspace       used 45418K, capacity 47934K, committed 48156K, reserved 1091584K
  class space    used 4827K, capacity 5655K, committed 5660K, reserved 1048576K
}
Event: 27.763 GC heap before
{Heap before GC invocations=40 (full 0):
 garbage-first heap   total 111616K, used 102188K [0x00000000c0000000, 0x00000000c0100368, 0x0000000100000000)
  region size 1024K, 5 young (5120K), 1 survivors (1024K)
 Metaspace       used 45418K, capacity 47934K, committed 48156K, reserved 1091584K
  class space    used 4827K, capacity 5655K, committed 5660K, reserved 1048576K

Deoptimization events (10 events):
Event: 25.540 Thread 0x000000001a547000 Uncommon trap: reason=class_check action=maybe_recompile pc=0x00000000026f628c method=java.lang.StringCoding$StringDecoder.decode([BII)[C @ 30
Event: 25.582 Thread 0x000000001a5a4800 Uncommon trap: reason=unstable_if action=reinterpret pc=0x000000000311ee2c method=org.eclipse.jdt.internal.compiler.classfmt.MethodInfo.createMethod([B[IIJ)Lorg/eclipse/jdt/internal/compiler/classfmt/MethodInfo; @ 676
Event: 25.612 Thread 0x000000001a5a4800 Uncommon trap: reason=unstable_if action=reinterpret pc=0x000000000313db78 method=org.eclipse.jdt.internal.core.search.indexing.BinaryIndexer.decodeParameterTypes([CZ)[[C @ 414
Event: 26.054 Thread 0x000000001a5a4800 Uncommon trap: reason=unstable_if action=reinterpret pc=0x000000000316416c method=org.eclipse.jdt.internal.core.search.indexing.BinaryIndexer.decodeReturnType([C)[C @ 250
Event: 26.267 Thread 0x000000001a547000 Uncommon trap: reason=class_check action=maybe_recompile pc=0x00000000029f5af8 method=java.util.concurrent.ConcurrentHashMap.putVal(Ljava/lang/Object;Ljava/lang/Object;Z)Ljava/lang/Object; @ 192
Event: 26.267 Thread 0x000000001a547000 Uncommon trap: reason=class_check action=maybe_recompile pc=0x0000000002da4e54 method=java.util.HashMap.removeNode(ILjava/lang/Object;Ljava/lang/Object;ZZ)Ljava/util/HashMap$Node; @ 143
Event: 26.267 Thread 0x000000001a547000 Uncommon trap: reason=class_check action=maybe_recompile pc=0x00000000029f5af8 method=java.util.concurrent.ConcurrentHashMap.putVal(Ljava/lang/Object;Ljava/lang/Object;Z)Ljava/lang/Object; @ 192
Event: 27.016 Thread 0x000000001a5a4800 Uncommon trap: reason=unstable_if action=reinterpret pc=0x0000000002cddae4 method=org.eclipse.jdt.internal.core.search.indexing.BinaryIndexer.addTypeReference([C)V @ 5
Event: 27.292 Thread 0x000000001a5a4800 Uncommon trap: reason=unstable_if action=reinterpret pc=0x00000000031d9a1c method=org.eclipse.jdt.internal.core.search.matching.ConstructorPattern.createIndexKey([CI)[C @ 3
Event: 27.361 Thread 0x000000001a5a4800 Uncommon trap: reason=unstable_if action=reinterpret pc=0x0000000003113050 method=org.eclipse.jdt.internal.compiler.classfmt.MethodInfo.readModifierRelatedAttributes()V @ 136

Classes redefined (0 events):
No events

Internal exceptions (10 events):
Event: 24.094 Thread 0x0000000019232800 Exception <a 'java/lang/ArrayIndexOutOfBoundsException'> (0x00000000c30189c0) thrown at [C:\re\workspace\8-2-build-windows-amd64-cygwin\jdk8u231\13620\hotspot\src\share\vm\runtime\sharedRuntime.cpp, line 605]
Event: 24.101 Thread 0x0000000019232800 Exception <a 'java/lang/ArrayIndexOutOfBoundsException'> (0x00000000c303ac70) thrown at [C:\re\workspace\8-2-build-windows-amd64-cygwin\jdk8u231\13620\hotspot\src\share\vm\runtime\sharedRuntime.cpp, line 605]
Event: 24.215 Thread 0x00000000192dc000 Exception <a 'java/lang/ArrayIndexOutOfBoundsException'> (0x00000000c2f8f6a0) thrown at [C:\re\workspace\8-2-build-windows-amd64-cygwin\jdk8u231\13620\hotspot\src\share\vm\runtime\sharedRuntime.cpp, line 605]
Event: 24.237 Thread 0x00000000192dc000 Exception <a 'java/lang/ArrayIndexOutOfBoundsException'> (0x00000000c2ff1a28) thrown at [C:\re\workspace\8-2-build-windows-amd64-cygwin\jdk8u231\13620\hotspot\src\share\vm\runtime\sharedRuntime.cpp, line 605]
Event: 24.255 Thread 0x00000000192dc000 Exception <a 'java/lang/ArrayIndexOutOfBoundsException'> (0x00000000c2e100f8) thrown at [C:\re\workspace\8-2-build-windows-amd64-cygwin\jdk8u231\13620\hotspot\src\share\vm\runtime\sharedRuntime.cpp, line 605]
Event: 24.301 Thread 0x00000000192dc000 Exception <a 'java/lang/ArrayIndexOutOfBoundsException'> (0x00000000c2e61ac8) thrown at [C:\re\workspace\8-2-build-windows-amd64-cygwin\jdk8u231\13620\hotspot\src\share\vm\runtime\sharedRuntime.cpp, line 605]
Event: 24.312 Thread 0x00000000192dc000 Exception <a 'java/lang/ArrayIndexOutOfBoundsException'> (0x00000000c2ea3ea8) thrown at [C:\re\workspace\8-2-build-windows-amd64-cygwin\jdk8u231\13620\hotspot\src\share\vm\runtime\sharedRuntime.cpp, line 605]
Event: 24.394 Thread 0x00000000192dc000 Exception <a 'java/lang/ArrayIndexOutOfBoundsException'> (0x00000000c2d3f1c0) thrown at [C:\re\workspace\8-2-build-windows-amd64-cygwin\jdk8u231\13620\hotspot\src\share\vm\runtime\sharedRuntime.cpp, line 605]
Event: 24.453 Thread 0x00000000192dc000 Exception <a 'java/lang/ArrayIndexOutOfBoundsException'> (0x00000000c2dd7118) thrown at [C:\re\workspace\8-2-build-windows-amd64-cygwin\jdk8u231\13620\hotspot\src\share\vm\runtime\sharedRuntime.cpp, line 605]
Event: 24.644 Thread 0x00000000182fb000 Exception <a 'java/lang/ArrayIndexOutOfBoundsException'> (0x00000000c2cbb198) thrown at [C:\re\workspace\8-2-build-windows-amd64-cygwin\jdk8u231\13620\hotspot\src\share\vm\runtime\sharedRuntime.cpp, line 605]

Events (10 events):
Event: 27.482 Thread 0x000000001a5a4800 DEOPT UNPACKING pc=0x0000000002357490 sp=0x000000001bf1eb58 mode 0
Event: 27.507 Executing VM operation: G1IncCollectionPause
Event: 27.537 Executing VM operation: G1IncCollectionPause done
Event: 27.628 Executing VM operation: G1IncCollectionPause
Event: 27.671 Executing VM operation: G1IncCollectionPause done
Event: 27.716 Executing VM operation: G1IncCollectionPause
Event: 27.740 Executing VM operation: G1IncCollectionPause done
Event: 27.761 Thread 0x000000001a5a4800 DEOPT PACKING pc=0x00000000031d0076 sp=0x000000001bf1ed60
Event: 27.761 Thread 0x000000001a5a4800 DEOPT UNPACKING pc=0x0000000002357490 sp=0x000000001bf1eb58 mode 0
Event: 27.763 Executing VM operation: G1IncCollectionPause


Dynamic libraries:
0x00007ff7a1fd0000 - 0x00007ff7a2007000 	C:\Program Files\Java\jdk1.8.0_231\bin\java.exe
0x00007ffb8a960000 - 0x00007ffb8ab50000 	C:\WINDOWS\SYSTEM32\ntdll.dll
0x00007ffb82ab0000 - 0x00007ffb82ac4000 	C:\Program Files\AVG\Antivirus\aswhook.dll
0x00007ffb89100000 - 0x00007ffb891b2000 	C:\WINDOWS\System32\KERNEL32.DLL
0x00007ffb88400000 - 0x00007ffb886a3000 	C:\WINDOWS\System32\KERNELBASE.dll
0x00007ffb8a450000 - 0x00007ffb8a4f3000 	C:\WINDOWS\System32\ADVAPI32.dll
0x00007ffb89a20000 - 0x00007ffb89abe000 	C:\WINDOWS\System32\msvcrt.dll
0x00007ffb8a6a0000 - 0x00007ffb8a737000 	C:\WINDOWS\System32\sechost.dll
0x00007ffb89ad0000 - 0x00007ffb89bf0000 	C:\WINDOWS\System32\RPCRT4.dll
0x00007ffb8a500000 - 0x00007ffb8a694000 	C:\WINDOWS\System32\USER32.dll
0x00007ffb88930000 - 0x00007ffb88951000 	C:\WINDOWS\System32\win32u.dll
0x00007ffb892a0000 - 0x00007ffb892c6000 	C:\WINDOWS\System32\GDI32.dll
0x00007ffb879c0000 - 0x00007ffb87b54000 	C:\WINDOWS\System32\gdi32full.dll
0x00007ffb878f0000 - 0x00007ffb8798e000 	C:\WINDOWS\System32\msvcp_win.dll
0x00007ffb87b60000 - 0x00007ffb87c5a000 	C:\WINDOWS\System32\ucrtbase.dll
0x00007ffb77220000 - 0x00007ffb774a5000 	C:\WINDOWS\WinSxS\amd64_microsoft.windows.common-controls_6595b64144ccf1df_6.0.18362.418_none_e6c6b287130d565d\COMCTL32.dll
0x00007ffb896e0000 - 0x00007ffb89a16000 	C:\WINDOWS\System32\combase.dll
0x00007ffb886b0000 - 0x00007ffb88730000 	C:\WINDOWS\System32\bcryptPrimitives.dll
0x00007ffb8a330000 - 0x00007ffb8a35e000 	C:\WINDOWS\System32\IMM32.DLL
0x00000000766c0000 - 0x0000000076792000 	C:\Program Files\Java\jdk1.8.0_231\jre\bin\msvcr100.dll
0x0000000075e10000 - 0x00000000766b6000 	C:\Program Files\Java\jdk1.8.0_231\jre\bin\server\jvm.dll
0x00007ffb89ac0000 - 0x00007ffb89ac8000 	C:\WINDOWS\System32\PSAPI.DLL
0x00007ffb756d0000 - 0x00007ffb756d9000 	C:\WINDOWS\SYSTEM32\WSOCK32.dll
0x00007ffb894c0000 - 0x00007ffb8952f000 	C:\WINDOWS\System32\WS2_32.dll
0x00007ffb83de0000 - 0x00007ffb83e04000 	C:\WINDOWS\SYSTEM32\WINMM.dll
0x00007ffb7f730000 - 0x00007ffb7f73a000 	C:\WINDOWS\SYSTEM32\VERSION.dll
0x00007ffb83db0000 - 0x00007ffb83ddd000 	C:\WINDOWS\SYSTEM32\WINMMBASE.dll
0x00007ffb88730000 - 0x00007ffb8877a000 	C:\WINDOWS\System32\cfgmgr32.dll
0x00007ffb839a0000 - 0x00007ffb839af000 	C:\Program Files\Java\jdk1.8.0_231\jre\bin\verify.dll
0x00007ffb81690000 - 0x00007ffb816b9000 	C:\Program Files\Java\jdk1.8.0_231\jre\bin\java.dll
0x00007ffb81670000 - 0x00007ffb81686000 	C:\Program Files\Java\jdk1.8.0_231\jre\bin\zip.dll
0x00007ffb88a10000 - 0x00007ffb890f5000 	C:\WINDOWS\System32\SHELL32.dll
0x00007ffb89da0000 - 0x00007ffb89e49000 	C:\WINDOWS\System32\shcore.dll
0x00007ffb87c60000 - 0x00007ffb883df000 	C:\WINDOWS\System32\windows.storage.dll
0x00007ffb878b0000 - 0x00007ffb878cf000 	C:\WINDOWS\System32\profapi.dll
0x00007ffb87860000 - 0x00007ffb878aa000 	C:\WINDOWS\System32\powrprof.dll
0x00007ffb87830000 - 0x00007ffb87840000 	C:\WINDOWS\System32\UMPDC.dll
0x00007ffb891c0000 - 0x00007ffb89212000 	C:\WINDOWS\System32\shlwapi.dll
0x00007ffb87840000 - 0x00007ffb87851000 	C:\WINDOWS\System32\kernel.appcore.dll
0x00007ffb883e0000 - 0x00007ffb883f7000 	C:\WINDOWS\System32\cryptsp.dll
0x00007ffb86bb0000 - 0x00007ffb86be3000 	C:\WINDOWS\system32\rsaenh.dll
0x00007ffb87990000 - 0x00007ffb879b6000 	C:\WINDOWS\System32\bcrypt.dll
0x00007ffb87720000 - 0x00007ffb87745000 	C:\WINDOWS\SYSTEM32\USERENV.dll
0x00007ffb87210000 - 0x00007ffb8721c000 	C:\WINDOWS\SYSTEM32\CRYPTBASE.dll
0x00007ffb76ff0000 - 0x00007ffb7700a000 	C:\Program Files\Java\jdk1.8.0_231\jre\bin\net.dll
0x00007ffb87040000 - 0x00007ffb870a7000 	C:\WINDOWS\system32\mswsock.dll
0x00007ffb86d50000 - 0x00007ffb86d8a000 	C:\WINDOWS\SYSTEM32\IPHLPAPI.DLL
0x00007ffb89400000 - 0x00007ffb89408000 	C:\WINDOWS\System32\NSI.dll
0x00007ffb7a930000 - 0x00007ffb7a946000 	C:\WINDOWS\SYSTEM32\dhcpcsvc6.DLL
0x00007ffb7b670000 - 0x00007ffb7b68c000 	C:\WINDOWS\SYSTEM32\dhcpcsvc.DLL
0x00007ffb86d90000 - 0x00007ffb86e5a000 	C:\WINDOWS\SYSTEM32\DNSAPI.dll
0x00007ffb759e0000 - 0x00007ffb759f2000 	C:\Program Files\Java\jdk1.8.0_231\jre\bin\nio.dll
0x00007ffb58560000 - 0x00007ffb58589000 	C:\Users\Debbies LAPTOP\.vscode\extensions\redhat.java-0.52.0\server\config_win\org.eclipse.equinox.launcher\org.eclipse.equinox.launcher.win32.win32.x86_64_1.1.1100.v20190907-0426\eclipse_1902.dll
0x00007ffb5bc10000 - 0x00007ffb5bc21000 	C:\Users\Debbies LAPTOP\.vscode\extensions\redhat.java-0.52.0\server\config_win\org.eclipse.osgi\21\0\.cp\jWinHttp-1.0.0.dll
0x00007ffb8a7c0000 - 0x00007ffb8a916000 	C:\WINDOWS\System32\ole32.dll
0x00007ffb774e0000 - 0x00007ffb775d0000 	C:\WINDOWS\SYSTEM32\WINHTTP.dll
0x00007ffb60700000 - 0x00007ffb60724000 	C:\Program Files\Java\jdk1.8.0_231\jre\bin\sunec.dll

VM Arguments:
jvm_args: -Declipse.application=org.eclipse.jdt.ls.core.id1 -Dosgi.bundles.defaultStartLevel=4 -Declipse.product=org.eclipse.jdt.ls.core.product -Dfile.encoding=utf8 -DwatchParentProcess=false -Xverify:none -Xmx1G -XX:+UseG1GC -XX:+UseStringDeduplication 
java_command: c:\Users\Debbies LAPTOP\.vscode\extensions\redhat.java-0.52.0\server\plugins\org.eclipse.equinox.launcher_1.5.600.v20191014-2022.jar -configuration c:\Users\Debbies LAPTOP\.vscode\extensions\redhat.java-0.52.0\server\config_win -data c:\Users\Debbies LAPTOP\AppData\Roaming\Code\User\workspaceStorage\42f83643f71fb4215b1d7d4919a90ef0\redhat.java\jdt_ws
java_class_path (initial): c:\Users\Debbies LAPTOP\.vscode\extensions\redhat.java-0.52.0\server\plugins\org.eclipse.equinox.launcher_1.5.600.v20191014-2022.jar
Launcher Type: SUN_STANDARD

Environment Variables:
JAVA_HOME=C:\Program Files\Java\jdk1.8.0_231
PATH=C:\Program Files (x86)\Common Files\Oracle\Java\javapath;C:\Program Files (x86)\Intel\TXE Components\iCLS\;C:\Program Files\Intel\TXE Components\iCLS\;C:\WINDOWS\system32;C:\WINDOWS;C:\WINDOWS\System32\Wbem;C:\WINDOWS\System32\WindowsPowerShell\v1.0\;C:\Program Files\Intel\TXE Components\DAL\;C:\Program Files (x86)\Intel\TXE Components\DAL\;C:\Program Files\Intel\TXE Components\IPT\;C:\Program Files (x86)\Intel\TXE Components\IPT\;C:\WINDOWS\System32\OpenSSH\;C:\Program Files\Java\jdk1.8.0_231\bin;C:\Program Files\Java\jdk1.8.0_231
USERNAME=Debbies LAPTOP
OS=Windows_NT
PROCESSOR_IDENTIFIER=Intel64 Family 6 Model 92 Stepping 9, GenuineIntel



---------------  S Y S T E M  ---------------

OS: Windows 10.0 , 64 bit Build 18362 (10.0.18362.329)

CPU:total 4 (initial active 4) (4 cores per cpu, 1 threads per core) family 6 model 92 stepping 9, cmov, cx8, fxsr, mmx, sse, sse2, sse3, ssse3, sse4.1, sse4.2, popcnt, aes, clmul, erms, 3dnowpref, tsc, tscinvbit

Memory: 4k page, physical 4030688k(238988k free), swap 11518428k(108680k free)

vm_info: Java HotSpot(TM) 64-Bit Server VM (25.231-b11) for windows-amd64 JRE (1.8.0_231-b11), built on Oct  5 2019 03:11:30 by "java_re" with MS VC++ 10.0 (VS2010)

time: Thu Nov 14 09:57:13 2019
timezone: GMT Standard Time
elapsed time: 27 seconds (0d 0h 0m 27s)

